Using pre-set license
Built from '2020.2/staging' branch; Version is '2020.2.3f1 (8ff31bc5bf5b) revision 9433883'; Using compiler version '192528614'; Build Type 'Release'
OS: 'Windows 10 Pro; OS build 19042.746; Version 2009; 64bit' Language: 'ru' Physical Memory: 6092 MB
BatchMode: 1, IsHumanControllingUs: 0, StartBugReporterOnCrash: 0, Is64bit: 1, IsPro: 0

 COMMAND LINE ARGUMENTS:
C:\Program Files\Unity\Hub\Editor\2020.2.3f1\Editor\Unity.exe
-adb2
-batchMode
-noUpm
-name
AssetImportWorker0
-projectPath
E:/Машуша/WORK/ПИ/GuessMelody/GuessMelody
-logFile
Logs/AssetImportWorker0.log
-srvPort
56536
Successfully changed project path to: E:/Машуша/WORK/ПИ/GuessMelody/GuessMelody
E:/Машуша/WORK/ПИ/GuessMelody/GuessMelody
Using Asset Import Pipeline V2.
Refreshing native plugins compatible for Editor in 51.10 ms, found 1 plugins.
Preloading 0 native plugins for Editor in 0.00 ms.
Initialize engine version: 2020.2.3f1 (8ff31bc5bf5b)
[Subsystems] Discovering subsystems at path C:/Program Files/Unity/Hub/Editor/2020.2.3f1/Editor/Data/Resources/UnitySubsystems
[Subsystems] Discovering subsystems at path E:/Машуша/WORK/ПИ/GuessMelody/GuessMelody/Assets
GfxDevice: creating device client; threaded=0
Direct3D:
    Version:  Direct3D 11.0 [level 11.1]
    Renderer: AMD Radeon(TM) Vega 8 Graphics (ID=0x15dd)
    Vendor:   
    VRAM:     3046 MB
    Driver:   27.20.1034.6
Initialize mono
Mono path[0] = 'C:/Program Files/Unity/Hub/Editor/2020.2.3f1/Editor/Data/Managed'
Mono path[1] = 'C:/Program Files/Unity/Hub/Editor/2020.2.3f1/Editor/Data/MonoBleedingEdge/lib/mono/unityjit'
Mono config path = 'C:/Program Files/Unity/Hub/Editor/2020.2.3f1/Editor/Data/MonoBleedingEdge/etc'
Using monoOptions --debugger-agent=transport=dt_socket,embedding=1,server=y,suspend=n,address=127.0.0.1:56816
Begin MonoManager ReloadAssembly
Registering precompiled unity dll's ...
Register platform support module: C:/Program Files/Unity/Hub/Editor/2020.2.3f1/Editor/Data/PlaybackEngines/WindowsStandaloneSupport/UnityEditor.WindowsStandalone.Extensions.dll
Registered in 0.002901 seconds.
Native extension for WindowsStandalone target not found
Refreshing native plugins compatible for Editor in 59.91 ms, found 1 plugins.
Preloading 0 native plugins for Editor in 0.00 ms.
Invoked RoslynAnalysisRunner static constructor.
RoslynAnalysisRunner will not be running.
RoslynAnalysisRunner has terminated.
Mono: successfully reloaded assembly
- Completed reload, in  3.752 seconds
Platform modules already initialized, skipping
Registering precompiled user dll's ...
Registered in 0.001011 seconds.
Begin MonoManager ReloadAssembly
Native extension for WindowsStandalone target not found
Refreshing native plugins compatible for Editor in 45.13 ms, found 1 plugins.
Preloading 0 native plugins for Editor in 0.00 ms.
Invoked RoslynAnalysisRunner static constructor.
RoslynAnalysisRunner will not be running.
RoslynAnalysisRunner has terminated.
Mono: successfully reloaded assembly
- Completed reload, in  1.333 seconds
Platform modules already initialized, skipping
========================================================================
Worker process is ready to serve import requests
Launched and connected shader compiler UnityShaderCompiler.exe after 0.06 seconds
Refreshing native plugins compatible for Editor in 0.53 ms, found 1 plugins.
Preloading 0 native plugins for Editor in 0.00 ms.
Unloading 1792 Unused Serialized files (Serialized files now loaded: 0)
System memory in use before: 84.3 MB.
System memory in use after: 84.2 MB.

Unloading 24 unused Assets to reduce memory usage. Loaded Objects now: 2234.
Total: 2.995800 ms (FindLiveObjects: 0.365500 ms CreateObjectMapping: 0.095500 ms MarkObjects: 2.339900 ms  DeleteObjects: 0.193300 ms)

========================================================================
Received Import Request.
  path: Packages/com.unity.2d.sprite/Editor/ObjectMenuCreation/DefaultAssets/Textures/HexagonPointed-Top.png
  artifactKey: Guid(4b2a04fdbe0ef4d8da8f90eaca817cd1) Importer(815301076,1909f56bfc062723c751e8b465ee728b)
Start importing Packages/com.unity.2d.sprite/Editor/ObjectMenuCreation/DefaultAssets/Textures/HexagonPointed-Top.png using Guid(4b2a04fdbe0ef4d8da8f90eaca817cd1) Importer(815301076,1909f56bfc062723c751e8b465ee728b)  -> (artifact id: 'caa80d08e6fafdbce80023d0f811d7ea') in 0.213758 seconds
  Import took 0.230083 seconds .

========================================================================
Received Import Request.
  Time since last request: 0.000559 seconds.
  path: Packages/com.unity.2d.sprite/Editor/ObjectMenuCreation/DefaultAssets/Textures/HexagonFlat-Top.png
  artifactKey: Guid(a9716c16a44a94eed9b5c90fbf4d9bdd) Importer(815301076,1909f56bfc062723c751e8b465ee728b)
Start importing Packages/com.unity.2d.sprite/Editor/ObjectMenuCreation/DefaultAssets/Textures/HexagonFlat-Top.png using Guid(a9716c16a44a94eed9b5c90fbf4d9bdd) Importer(815301076,1909f56bfc062723c751e8b465ee728b)  -> (artifact id: '72a321558533ad3c9b52b68ab1143024') in 0.049101 seconds
  Import took 0.071044 seconds .

========================================================================
Received Import Request.
  Time since last request: 0.000282 seconds.
  path: Packages/com.unity.2d.sprite/Editor/ObjectMenuCreation/DefaultAssets/Textures/CircleMask.png
  artifactKey: Guid(87aaca0a643d54397ba969dab4fc8875) Importer(815301076,1909f56bfc062723c751e8b465ee728b)
Start importing Packages/com.unity.2d.sprite/Editor/ObjectMenuCreation/DefaultAssets/Textures/CircleMask.png using Guid(87aaca0a643d54397ba969dab4fc8875) Importer(815301076,1909f56bfc062723c751e8b465ee728b)  -> (artifact id: '1d4186660e7d77e4be252db5b796af7f') in 0.059077 seconds
  Import took 0.073297 seconds .

========================================================================
Received Import Request.
  Time since last request: 0.000206 seconds.
  path: Packages/com.unity.2d.sprite/Editor/ObjectMenuCreation/DefaultAssets/Textures/9-Sliced.png
  artifactKey: Guid(cc35afd292fc349128b36a291fb3a165) Importer(815301076,1909f56bfc062723c751e8b465ee728b)
Start importing Packages/com.unity.2d.sprite/Editor/ObjectMenuCreation/DefaultAssets/Textures/9-Sliced.png using Guid(cc35afd292fc349128b36a291fb3a165) Importer(815301076,1909f56bfc062723c751e8b465ee728b)  -> (artifact id: '66aa3cced250cc23847c5d7d936c8ec0') in 0.058108 seconds
  Import took 0.062367 seconds .

========================================================================
Received Import Request.
  Time since last request: 0.000234 seconds.
  path: Packages/com.unity.2d.sprite/Editor/ObjectMenuCreation/DefaultAssets/Textures/Circle.png
  artifactKey: Guid(4adeaf2d2b1c7417e89f026626d8264f) Importer(815301076,1909f56bfc062723c751e8b465ee728b)
Start importing Packages/com.unity.2d.sprite/Editor/ObjectMenuCreation/DefaultAssets/Textures/Circle.png using Guid(4adeaf2d2b1c7417e89f026626d8264f) Importer(815301076,1909f56bfc062723c751e8b465ee728b)  -> (artifact id: '3f68501d99fca1c515ab224460e136d1') in 0.049460 seconds
  Import took 0.054252 seconds .

========================================================================
Received Import Request.
  Time since last request: 0.000215 seconds.
  path: Packages/com.unity.2d.sprite/Editor/ObjectMenuCreation/DefaultAssets/Textures/Square.png
  artifactKey: Guid(db750325989564987a34393247d883b4) Importer(815301076,1909f56bfc062723c751e8b465ee728b)
Start importing Packages/com.unity.2d.sprite/Editor/ObjectMenuCreation/DefaultAssets/Textures/Square.png using Guid(db750325989564987a34393247d883b4) Importer(815301076,1909f56bfc062723c751e8b465ee728b)  -> (artifact id: 'aa3b1493c301c7b76ac24ef0917ab933') in 0.020436 seconds
  Import took 0.024714 seconds .

========================================================================
Received Import Request.
  Time since last request: 0.000216 seconds.
  path: Packages/com.unity.2d.sprite/Editor/ObjectMenuCreation/DefaultAssets/Textures/Capsule.png
  artifactKey: Guid(34587324d412940a79d530020c957dc0) Importer(815301076,1909f56bfc062723c751e8b465ee728b)
Start importing Packages/com.unity.2d.sprite/Editor/ObjectMenuCreation/DefaultAssets/Textures/Capsule.png using Guid(34587324d412940a79d530020c957dc0) Importer(815301076,1909f56bfc062723c751e8b465ee728b)  -> (artifact id: 'b85a7463eee117d1f630a3e633b8e881') in 0.064578 seconds
  Import took 0.069534 seconds .

========================================================================
Received Import Request.
  Time since last request: 0.000216 seconds.
  path: Packages/com.unity.2d.sprite/Editor/ObjectMenuCreation/DefaultAssets/Textures/IsometricDiamond.png
  artifactKey: Guid(0d267bc78a0864eb48358689b29ed20a) Importer(815301076,1909f56bfc062723c751e8b465ee728b)
Start importing Packages/com.unity.2d.sprite/Editor/ObjectMenuCreation/DefaultAssets/Textures/IsometricDiamond.png using Guid(0d267bc78a0864eb48358689b29ed20a) Importer(815301076,1909f56bfc062723c751e8b465ee728b)  -> (artifact id: '25a4725a88409568efe707c3ab349e56') in 0.035192 seconds
  Import took 0.039240 seconds .

========================================================================
Received Import Request.
  Time since last request: 31.168597 seconds.
  path: Assets/fon.jpg
  artifactKey: Guid(3eb71230904952d47b1f3b61ec339d16) Importer(815301076,1909f56bfc062723c751e8b465ee728b)
Start importing Assets/fon.jpg using Guid(3eb71230904952d47b1f3b61ec339d16) Importer(815301076,1909f56bfc062723c751e8b465ee728b)  -> (artifact id: '267e8ad3c762fff9c1ba4efef3eaa9eb') in 0.034634 seconds
  Import took 0.039470 seconds .

========================================================================
Received Import Request.
  Time since last request: 204.948128 seconds.
  path: Assets/Scenes
  artifactKey: Guid(d008ab5d8c5a1374a8713662d5336ccf) Importer(815301076,1909f56bfc062723c751e8b465ee728b)
Start importing Assets/Scenes using Guid(d008ab5d8c5a1374a8713662d5336ccf) Importer(815301076,1909f56bfc062723c751e8b465ee728b)  -> (artifact id: 'fe19f9566778932f79386d2ab2ccd21a') in 0.021327 seconds
  Import took 0.038835 seconds .

========================================================================
Received Import Request.
  Time since last request: 35.013126 seconds.
  path: Assets
  artifactKey: Guid(00000000000000001000000000000000) Importer(815301076,1909f56bfc062723c751e8b465ee728b)
Start importing Assets using Guid(00000000000000001000000000000000) Importer(815301076,1909f56bfc062723c751e8b465ee728b)  -> (artifact id: '653ce283d384579a24208b2e4d727c2a') in 0.018819 seconds
  Import took 0.026008 seconds .

========================================================================
Received Import Request.
  Time since last request: 4.367843 seconds.
  path: Assets/NewBehaviourScript.cs
  artifactKey: Guid(81c2919c1b8baad429107ac074dc4ba6) Importer(815301076,1909f56bfc062723c751e8b465ee728b)
Start importing Assets/NewBehaviourScript.cs using Guid(81c2919c1b8baad429107ac074dc4ba6) Importer(815301076,1909f56bfc062723c751e8b465ee728b)  -> (artifact id: 'ef186b87d0e8e7e75889889f74d8538e') in 0.094191 seconds
  Import took 0.099024 seconds .

========================================================================
Received Prepare
Registering precompiled user dll's ...
Registered in 0.000960 seconds.
Begin MonoManager ReloadAssembly
Native extension for WindowsStandalone target not found
Refreshing native plugins compatible for Editor in 0.45 ms, found 1 plugins.
Preloading 0 native plugins for Editor in 0.00 ms.
Invoked RoslynAnalysisRunner static constructor.
RoslynAnalysisRunner will not be running.
RoslynAnalysisRunner has terminated.
Mono: successfully reloaded assembly
- Completed reload, in  1.253 seconds
Platform modules already initialized, skipping
Refreshing native plugins compatible for Editor in 0.46 ms, found 1 plugins.
Preloading 0 native plugins for Editor in 0.00 ms.
Unloading 1788 Unused Serialized files (Serialized files now loaded: 0)
System memory in use before: 87.4 MB.
System memory in use after: 87.3 MB.

Unloading 12 unused Assets to reduce memory usage. Loaded Objects now: 2252.
Total: 2.739900 ms (FindLiveObjects: 0.237400 ms CreateObjectMapping: 0.053300 ms MarkObjects: 2.305800 ms  DeleteObjects: 0.141700 ms)

========================================================================
Received Prepare
Registering precompiled user dll's ...
Registered in 0.001806 seconds.
Begin MonoManager ReloadAssembly
Native extension for WindowsStandalone target not found
Refreshing native plugins compatible for Editor in 0.41 ms, found 1 plugins.
Preloading 0 native plugins for Editor in 0.00 ms.
Invoked RoslynAnalysisRunner static constructor.
RoslynAnalysisRunner will not be running.
RoslynAnalysisRunner has terminated.
Mono: successfully reloaded assembly
- Completed reload, in  1.198 seconds
Platform modules already initialized, skipping
Refreshing native plugins compatible for Editor in 0.41 ms, found 1 plugins.
Preloading 0 native plugins for Editor in 0.00 ms.
Unloading 1788 Unused Serialized files (Serialized files now loaded: 0)
System memory in use before: 87.4 MB.
System memory in use after: 87.4 MB.

Unloading 12 unused Assets to reduce memory usage. Loaded Objects now: 2255.
Total: 2.413200 ms (FindLiveObjects: 0.252500 ms CreateObjectMapping: 0.067000 ms MarkObjects: 1.951900 ms  DeleteObjects: 0.140300 ms)

========================================================================
Received Prepare
Registering precompiled user dll's ...
Registered in 0.000896 seconds.
Begin MonoManager ReloadAssembly
Native extension for WindowsStandalone target not found
Refreshing native plugins compatible for Editor in 0.46 ms, found 1 plugins.
Preloading 0 native plugins for Editor in 0.00 ms.
Invoked RoslynAnalysisRunner static constructor.
RoslynAnalysisRunner will not be running.
RoslynAnalysisRunner has terminated.
Mono: successfully reloaded assembly
- Completed reload, in  1.417 seconds
Platform modules already initialized, skipping
Refreshing native plugins compatible for Editor in 0.49 ms, found 1 plugins.
Preloading 0 native plugins for Editor in 0.00 ms.
Unloading 1788 Unused Serialized files (Serialized files now loaded: 0)
System memory in use before: 87.4 MB.
System memory in use after: 87.4 MB.

Unloading 12 unused Assets to reduce memory usage. Loaded Objects now: 2258.
Total: 2.595700 ms (FindLiveObjects: 0.268500 ms CreateObjectMapping: 0.053300 ms MarkObjects: 2.116000 ms  DeleteObjects: 0.156500 ms)

========================================================================
Received Prepare
Refreshing native plugins compatible for Editor in 1.57 ms, found 1 plugins.
Preloading 0 native plugins for Editor in 0.00 ms.
Unloading 10 Unused Serialized files (Serialized files now loaded: 0)
System memory in use before: 52.3 MB.
System memory in use after: 52.3 MB.

Unloading 10 unused Assets to reduce memory usage. Loaded Objects now: 2258.
Total: 3.092400 ms (FindLiveObjects: 0.236000 ms CreateObjectMapping: 0.049500 ms MarkObjects: 2.624500 ms  DeleteObjects: 0.180300 ms)

========================================================================
Received Import Request.
  Time since last request: 60004.578504 seconds.
  path: Assets/img
  artifactKey: Guid(8b8c62d12c7674c4a90e71cce8c3bc31) Importer(815301076,1909f56bfc062723c751e8b465ee728b)
Start importing Assets/img using Guid(8b8c62d12c7674c4a90e71cce8c3bc31) Importer(815301076,1909f56bfc062723c751e8b465ee728b)  -> (artifact id: 'be60712c1a2673ab1aa3332dee3a0d87') in 0.112834 seconds
  Import took 0.188105 seconds .

========================================================================
Received Import Request.
  Time since last request: 0.810156 seconds.
  path: Assets/img/11.gif
  artifactKey: Guid(ff205ea48bd89944fb88adf05d8e9eb5) Importer(815301076,1909f56bfc062723c751e8b465ee728b)
Start importing Assets/img/11.gif using Guid(ff205ea48bd89944fb88adf05d8e9eb5) Importer(815301076,1909f56bfc062723c751e8b465ee728b)  -> (artifact id: '40f7c0f4da74d96c57223ea361152012') in 0.264056 seconds
  Import took 0.267975 seconds .

========================================================================
Received Import Request.
  Time since last request: 0.000373 seconds.
  path: Assets/img/fon.jpg
  artifactKey: Guid(2f3343724cfcaf74daf2c1365adbf89c) Importer(815301076,1909f56bfc062723c751e8b465ee728b)
Start importing Assets/img/fon.jpg using Guid(2f3343724cfcaf74daf2c1365adbf89c) Importer(815301076,1909f56bfc062723c751e8b465ee728b)  -> (artifact id: '6286c85852baa6886e6782049a4527bb') in 0.079962 seconds
  Import took 0.102708 seconds .

========================================================================
Received Import Request.
  Time since last request: 0.000219 seconds.
  path: Assets/img/helper.png
  artifactKey: Guid(c86aabd4db60aee49bab99ffbfa6fa6b) Importer(815301076,1909f56bfc062723c751e8b465ee728b)
Start importing Assets/img/helper.png using Guid(c86aabd4db60aee49bab99ffbfa6fa6b) Importer(815301076,1909f56bfc062723c751e8b465ee728b)  -> (artifact id: '36ebed13c60567ded93cf2e9efb83723') in 0.092402 seconds
  Import took 0.107057 seconds .

========================================================================
Received Import Request.
  Time since last request: 0.000214 seconds.
  path: Assets/img/fon2.jpg
  artifactKey: Guid(b95cafadeddf282419ffb82457f0fb66) Importer(815301076,1909f56bfc062723c751e8b465ee728b)
Start importing Assets/img/fon2.jpg using Guid(b95cafadeddf282419ffb82457f0fb66) Importer(815301076,1909f56bfc062723c751e8b465ee728b)  -> (artifact id: 'b5e966b85d4c9728dd8b90a75b6427d5') in 0.080783 seconds
  Import took 0.085322 seconds .

========================================================================
Received Import Request.
  Time since last request: 0.000217 seconds.
  path: Assets/img/23.gif
  artifactKey: Guid(28efef22aa30f82428779417005eee38) Importer(815301076,1909f56bfc062723c751e8b465ee728b)
Start importing Assets/img/23.gif using Guid(28efef22aa30f82428779417005eee38) Importer(815301076,1909f56bfc062723c751e8b465ee728b)  -> (artifact id: '5812c09047e7d664e1d83dbba3f75296') in 0.093834 seconds
  Import took 0.116938 seconds .

========================================================================
Received Import Request.
  Time since last request: 0.000230 seconds.
  path: Assets/img/14.gif
  artifactKey: Guid(f63a30488730409478acaf0fd2ea1c55) Importer(815301076,1909f56bfc062723c751e8b465ee728b)
Start importing Assets/img/14.gif using Guid(f63a30488730409478acaf0fd2ea1c55) Importer(815301076,1909f56bfc062723c751e8b465ee728b)  -> (artifact id: '69057ac08fc8d6a90f81094d1a174654') in 0.084599 seconds
  Import took 0.088257 seconds .

========================================================================
Received Import Request.
  Time since last request: 0.000232 seconds.
  path: Assets/img/fon1.jpg
  artifactKey: Guid(c4f8972b425e312498cd2d108804de5c) Importer(815301076,1909f56bfc062723c751e8b465ee728b)
Start importing Assets/img/fon1.jpg using Guid(c4f8972b425e312498cd2d108804de5c) Importer(815301076,1909f56bfc062723c751e8b465ee728b)  -> (artifact id: 'a9d14343207745a89529f44d33717fe5') in 0.065603 seconds
  Import took 0.083253 seconds .

========================================================================
Received Import Request.
  Time since last request: 0.000302 seconds.
  path: Assets/img/фон3.jpg
  artifactKey: Guid(a3c89f1050053c44096c33238a127869) Importer(815301076,1909f56bfc062723c751e8b465ee728b)
Start importing Assets/img/фон3.jpg using Guid(a3c89f1050053c44096c33238a127869) Importer(815301076,1909f56bfc062723c751e8b465ee728b)  -> (artifact id: '99a7e629f781b552f1cb4d0e2bdebbe7') in 0.133756 seconds
  Import took 0.137599 seconds .

========================================================================
Received Import Request.
  Time since last request: 0.000232 seconds.
  path: Assets/img/18.gif
  artifactKey: Guid(0f4526a05d347d549a6a1d576ed5d2cb) Importer(815301076,1909f56bfc062723c751e8b465ee728b)
Start importing Assets/img/18.gif using Guid(0f4526a05d347d549a6a1d576ed5d2cb) Importer(815301076,1909f56bfc062723c751e8b465ee728b)  -> (artifact id: '8c068a97007f6ab15f567900004dc504') in 0.059064 seconds
  Import took 0.074813 seconds .

========================================================================
Received Import Request.
  Time since last request: 0.000218 seconds.
  path: Assets/img/ved.gif
  artifactKey: Guid(b18ba6de329cbf641908a22e90c85a36) Importer(815301076,1909f56bfc062723c751e8b465ee728b)
Start importing Assets/img/ved.gif using Guid(b18ba6de329cbf641908a22e90c85a36) Importer(815301076,1909f56bfc062723c751e8b465ee728b)  -> (artifact id: 'c3bdffdfa2c28beb5175bda9fd338df3') in 0.095371 seconds
  Import took 0.122737 seconds .

========================================================================
Received Import Request.
  Time since last request: 0.000228 seconds.
  path: Assets/img/Без имени-1.png
  artifactKey: Guid(a9663adc6808ae94b95675eb1974a6cc) Importer(815301076,1909f56bfc062723c751e8b465ee728b)
Start importing Assets/img/Без имени-1.png using Guid(a9663adc6808ae94b95675eb1974a6cc) Importer(815301076,1909f56bfc062723c751e8b465ee728b)  -> (artifact id: '2238e6c3f78de4a3869cb626f597a063') in 0.062360 seconds
  Import took 0.066009 seconds .

========================================================================
Received Import Request.
  Time since last request: 0.000209 seconds.
  path: Assets/img/Без имени-2.png
  artifactKey: Guid(768bb3ce2b6608649a1d2cf1e65634ff) Importer(815301076,1909f56bfc062723c751e8b465ee728b)
Start importing Assets/img/Без имени-2.png using Guid(768bb3ce2b6608649a1d2cf1e65634ff) Importer(815301076,1909f56bfc062723c751e8b465ee728b)  -> (artifact id: '4625c552c9f622fa98bcc80ed7a5b655') in 0.080694 seconds
  Import took 0.084021 seconds .

========================================================================
Received Import Request.
  Time since last request: 0.000288 seconds.
  path: Assets/img/x-mark-drawing-red-check-mark-cross-thumbnail.png
  artifactKey: Guid(cb34cd0f11206da4789e6bde45fdacbc) Importer(815301076,1909f56bfc062723c751e8b465ee728b)
Start importing Assets/img/x-mark-drawing-red-check-mark-cross-thumbnail.png using Guid(cb34cd0f11206da4789e6bde45fdacbc) Importer(815301076,1909f56bfc062723c751e8b465ee728b)  -> (artifact id: '3e6bbab3c53de5938de89a3e91e13225') in 0.074775 seconds
  Import took 0.089941 seconds .

========================================================================
Received Import Request.
  Time since last request: 711.536092 seconds.
  path: Assets/Scenes/SampleScene.unity
  artifactKey: Guid(2cda990e2423bbf4892e6590ba056729) Importer(815301076,1909f56bfc062723c751e8b465ee728b)
Start importing Assets/Scenes/SampleScene.unity using Guid(2cda990e2423bbf4892e6590ba056729) Importer(815301076,1909f56bfc062723c751e8b465ee728b)  -> (artifact id: '534e3a90fb5fa0e313b5cfc431a307cd') in 0.049746 seconds
  Import took 0.067960 seconds .

========================================================================
Received Import Request.
  Time since last request: 25.764575 seconds.
  path: Assets/Scenes/Helper.unity
  artifactKey: Guid(19dfb7f1a1a77e3479965e5c91aaff12) Importer(815301076,1909f56bfc062723c751e8b465ee728b)
Start importing Assets/Scenes/Helper.unity using Guid(19dfb7f1a1a77e3479965e5c91aaff12) Importer(815301076,1909f56bfc062723c751e8b465ee728b)  -> (artifact id: 'a52862b5dac353a8bbb52d035cd4a62c') in 0.041689 seconds
  Import took 0.057118 seconds .

========================================================================
Received Import Request.
  Time since last request: 9.126700 seconds.
  path: Assets/Scenes/SampleScene.unity
  artifactKey: Guid(2cda990e2423bbf4892e6590ba056729) Importer(815301076,1909f56bfc062723c751e8b465ee728b)
Start importing Assets/Scenes/SampleScene.unity using Guid(2cda990e2423bbf4892e6590ba056729) Importer(815301076,1909f56bfc062723c751e8b465ee728b)  -> (artifact id: '2474af7c8e7d06624495c8deec6cc211') in 0.009088 seconds
  Import took 0.028684 seconds .

========================================================================
Received Import Request.
  Time since last request: 16.783757 seconds.
  path: Assets/Scenes/Main.unity
  artifactKey: Guid(2cda990e2423bbf4892e6590ba056729) Importer(815301076,1909f56bfc062723c751e8b465ee728b)
Start importing Assets/Scenes/Main.unity using Guid(2cda990e2423bbf4892e6590ba056729) Importer(815301076,1909f56bfc062723c751e8b465ee728b)  -> (artifact id: '34c51a0f0eb756b3a1bd8c54aef5b4c1') in 0.046237 seconds
  Import took 0.050280 seconds .

========================================================================
Received Import Request.
  Time since last request: 149.649728 seconds.
  path: Assets/Scenes/Helper.unity
  artifactKey: Guid(19dfb7f1a1a77e3479965e5c91aaff12) Importer(815301076,1909f56bfc062723c751e8b465ee728b)
Start importing Assets/Scenes/Helper.unity using Guid(19dfb7f1a1a77e3479965e5c91aaff12) Importer(815301076,1909f56bfc062723c751e8b465ee728b)  -> (artifact id: '9edfde5e22060899a533a06150f4e279') in 0.008229 seconds
  Import took 0.014151 seconds .

========================================================================
Received Import Request.
  Time since last request: 0.007515 seconds.
  path: Assets/Scenes/Helper.unity
  artifactKey: Guid(19dfb7f1a1a77e3479965e5c91aaff12) Importer(815301076,1909f56bfc062723c751e8b465ee728b)
Start importing Assets/Scenes/Helper.unity using Guid(19dfb7f1a1a77e3479965e5c91aaff12) Importer(815301076,1909f56bfc062723c751e8b465ee728b)  -> (artifact id: '9edfde5e22060899a533a06150f4e279') in 0.010981 seconds
  Import took 0.018207 seconds .

========================================================================
Received Import Request.
  Time since last request: 199.037240 seconds.
  path: Assets/Scenes/Game.unity
  artifactKey: Guid(018505da09a050c44b29f889a56c20df) Importer(815301076,1909f56bfc062723c751e8b465ee728b)
Start importing Assets/Scenes/Game.unity using Guid(018505da09a050c44b29f889a56c20df) Importer(815301076,1909f56bfc062723c751e8b465ee728b)  -> (artifact id: 'a1cc36ceaa0385908dfc16e772c2b18e') in 0.045444 seconds
  Import took 0.049400 seconds .

========================================================================
Received Import Request.
  Time since last request: 41.954628 seconds.
  path: Assets/Scenes/Helper.unity
  artifactKey: Guid(19dfb7f1a1a77e3479965e5c91aaff12) Importer(815301076,1909f56bfc062723c751e8b465ee728b)
Start importing Assets/Scenes/Helper.unity using Guid(19dfb7f1a1a77e3479965e5c91aaff12) Importer(815301076,1909f56bfc062723c751e8b465ee728b)  -> (artifact id: '4b3721db61e5801686bff90874b565d8') in 0.026019 seconds
  Import took 0.043679 seconds .

========================================================================
Received Import Request.
  Time since last request: 46.920260 seconds.
  path: Assets/Scenes/Game.unity
  artifactKey: Guid(018505da09a050c44b29f889a56c20df) Importer(815301076,1909f56bfc062723c751e8b465ee728b)
Start importing Assets/Scenes/Game.unity using Guid(018505da09a050c44b29f889a56c20df) Importer(815301076,1909f56bfc062723c751e8b465ee728b)  -> (artifact id: '55ad95f96578f28c9e2e7c92ae3a2c4a') in 0.014252 seconds
  Import took 0.018057 seconds .

========================================================================
Received Prepare
Registering precompiled user dll's ...
Registered in 0.001048 seconds.
Begin MonoManager ReloadAssembly
Native extension for WindowsStandalone target not found
Refreshing native plugins compatible for Editor in 0.54 ms, found 1 plugins.
Preloading 0 native plugins for Editor in 0.00 ms.
Invoked RoslynAnalysisRunner static constructor.
RoslynAnalysisRunner will not be running.
RoslynAnalysisRunner has terminated.
Mono: successfully reloaded assembly
- Completed reload, in  1.307 seconds
Platform modules already initialized, skipping
Refreshing native plugins compatible for Editor in 0.48 ms, found 1 plugins.
Preloading 0 native plugins for Editor in 0.00 ms.
Unloading 1788 Unused Serialized files (Serialized files now loaded: 0)
System memory in use before: 87.5 MB.
System memory in use after: 87.5 MB.

Unloading 12 unused Assets to reduce memory usage. Loaded Objects now: 2274.
Total: 3.920100 ms (FindLiveObjects: 0.300800 ms CreateObjectMapping: 0.051300 ms MarkObjects: 3.312900 ms  DeleteObjects: 0.251600 ms)

========================================================================
Received Import Request.
  Time since last request: 1360.755641 seconds.
  path: Assets/Scenes/Game.unity
  artifactKey: Guid(018505da09a050c44b29f889a56c20df) Importer(815301076,1909f56bfc062723c751e8b465ee728b)
Start importing Assets/Scenes/Game.unity using Guid(018505da09a050c44b29f889a56c20df) Importer(815301076,1909f56bfc062723c751e8b465ee728b)  -> (artifact id: '82386eca623064da4c320323bf674f50') in 0.026831 seconds
  Import took 0.032865 seconds .

========================================================================
Received Import Request.
  Time since last request: 170.119392 seconds.
  path: Assets/Scenes/round1.unity
  artifactKey: Guid(2138e4a251f105a448e8b0d3d755c9c5) Importer(815301076,1909f56bfc062723c751e8b465ee728b)
Start importing Assets/Scenes/round1.unity using Guid(2138e4a251f105a448e8b0d3d755c9c5) Importer(815301076,1909f56bfc062723c751e8b465ee728b)  -> (artifact id: '251572a75d7835f9d0c3f512c8c99ae9') in 0.032809 seconds
  Import took 0.036575 seconds .

========================================================================
Received Import Request.
  Time since last request: 27.720361 seconds.
  path: Assets/Scenes/Game.unity
  artifactKey: Guid(018505da09a050c44b29f889a56c20df) Importer(815301076,1909f56bfc062723c751e8b465ee728b)
Start importing Assets/Scenes/Game.unity using Guid(018505da09a050c44b29f889a56c20df) Importer(815301076,1909f56bfc062723c751e8b465ee728b)  -> (artifact id: '436183d3df3dc3b609a20fe043d7a5bf') in 0.017984 seconds
  Import took 0.034983 seconds .

========================================================================
Received Import Request.
  Time since last request: 2.579311 seconds.
  path: Assets/Scenes/round1.unity
  artifactKey: Guid(2138e4a251f105a448e8b0d3d755c9c5) Importer(815301076,1909f56bfc062723c751e8b465ee728b)
Start importing Assets/Scenes/round1.unity using Guid(2138e4a251f105a448e8b0d3d755c9c5) Importer(815301076,1909f56bfc062723c751e8b465ee728b)  -> (artifact id: 'e299b176512ad28c7bd1f90041fef2fb') in 0.008277 seconds
  Import took 0.014488 seconds .

========================================================================
Received Import Request.
  Time since last request: 0.002984 seconds.
  path: Assets/Scenes/round1.unity
  artifactKey: Guid(2138e4a251f105a448e8b0d3d755c9c5) Importer(815301076,1909f56bfc062723c751e8b465ee728b)
Start importing Assets/Scenes/round1.unity using Guid(2138e4a251f105a448e8b0d3d755c9c5) Importer(815301076,1909f56bfc062723c751e8b465ee728b)  -> (artifact id: 'e299b176512ad28c7bd1f90041fef2fb') in 0.015700 seconds
  Import took 0.027170 seconds .

========================================================================
Received Import Request.
  Time since last request: 1189.394902 seconds.
  path: Assets/Scenes/varients.unity
  artifactKey: Guid(d5e8a622289c3cc4fa46192a986fd0c9) Importer(815301076,1909f56bfc062723c751e8b465ee728b)
Start importing Assets/Scenes/varients.unity using Guid(d5e8a622289c3cc4fa46192a986fd0c9) Importer(815301076,1909f56bfc062723c751e8b465ee728b)  -> (artifact id: 'ee0fc17d8052b6cc4a42f36ef35b5f36') in 0.023886 seconds
  Import took 0.030497 seconds .

========================================================================
Received Import Request.
  Time since last request: 232.629775 seconds.
  path: Assets/Scenes/round1.unity
  artifactKey: Guid(2138e4a251f105a448e8b0d3d755c9c5) Importer(815301076,1909f56bfc062723c751e8b465ee728b)
Start importing Assets/Scenes/round1.unity using Guid(2138e4a251f105a448e8b0d3d755c9c5) Importer(815301076,1909f56bfc062723c751e8b465ee728b)  -> (artifact id: '709918bd996a64344230e8d640864e17') in 0.006499 seconds
  Import took 0.009958 seconds .

========================================================================
Received Import Request.
  Time since last request: 27.494173 seconds.
  path: Assets/Scenes/round2.unity
  artifactKey: Guid(13eddb8e627d3914dbafabc2e40673a8) Importer(815301076,1909f56bfc062723c751e8b465ee728b)
Start importing Assets/Scenes/round2.unity using Guid(13eddb8e627d3914dbafabc2e40673a8) Importer(815301076,1909f56bfc062723c751e8b465ee728b)  -> (artifact id: '83cc2ab69d77bf5d1ca38337a5847f01') in 0.027312 seconds
  Import took 0.032745 seconds .

========================================================================
Received Import Request.
  Time since last request: 813.404153 seconds.
  path: Assets/Scenes/melody.unity
  artifactKey: Guid(d3f23738df1f2f74b889592efdd140a5) Importer(815301076,1909f56bfc062723c751e8b465ee728b)
Start importing Assets/Scenes/melody.unity using Guid(d3f23738df1f2f74b889592efdd140a5) Importer(815301076,1909f56bfc062723c751e8b465ee728b)  -> (artifact id: 'f31e93ab1efd07c6da7c126009180eb2') in 0.024610 seconds
  Import took 0.029238 seconds .

========================================================================
Received Import Request.
  Time since last request: 11.510609 seconds.
  path: Assets/Scenes/round2.unity
  artifactKey: Guid(13eddb8e627d3914dbafabc2e40673a8) Importer(815301076,1909f56bfc062723c751e8b465ee728b)
Start importing Assets/Scenes/round2.unity using Guid(13eddb8e627d3914dbafabc2e40673a8) Importer(815301076,1909f56bfc062723c751e8b465ee728b)  -> (artifact id: '787d6bff950d56197a82a335d10729c5') in 0.006568 seconds
  Import took 0.011227 seconds .

========================================================================
Received Import Request.
  Time since last request: 7.266805 seconds.
  path: Assets/Scenes/varients.unity
  artifactKey: Guid(d5e8a622289c3cc4fa46192a986fd0c9) Importer(815301076,1909f56bfc062723c751e8b465ee728b)
Start importing Assets/Scenes/varients.unity using Guid(d5e8a622289c3cc4fa46192a986fd0c9) Importer(815301076,1909f56bfc062723c751e8b465ee728b)  -> (artifact id: 'd15f508a038f6531bc9ecde1629abd3b') in 0.008645 seconds
  Import took 0.036511 seconds .

========================================================================
Received Import Request.
  Time since last request: 86.911025 seconds.
  path: Assets/Scenes/finale.unity
  artifactKey: Guid(10dfd1e4c285af449b15307a8ac3271a) Importer(815301076,1909f56bfc062723c751e8b465ee728b)
Start importing Assets/Scenes/finale.unity using Guid(10dfd1e4c285af449b15307a8ac3271a) Importer(815301076,1909f56bfc062723c751e8b465ee728b)  -> (artifact id: '96cfda64845fe55ee9b5be84ce05428a') in 0.012741 seconds
  Import took 0.017081 seconds .

========================================================================
Received Import Request.
  Time since last request: 0.008159 seconds.
  path: Assets/Scenes/finale.unity
  artifactKey: Guid(10dfd1e4c285af449b15307a8ac3271a) Importer(815301076,1909f56bfc062723c751e8b465ee728b)
Start importing Assets/Scenes/finale.unity using Guid(10dfd1e4c285af449b15307a8ac3271a) Importer(815301076,1909f56bfc062723c751e8b465ee728b)  -> (artifact id: '96cfda64845fe55ee9b5be84ce05428a') in 0.008927 seconds
  Import took 0.016554 seconds .

========================================================================
Received Import Request.
  Time since last request: 884.026041 seconds.
  path: Assets/img/pngwing.com.png
  artifactKey: Guid(415ca29aeb904b94d8ae04f4204c0708) Importer(815301076,1909f56bfc062723c751e8b465ee728b)
Start importing Assets/img/pngwing.com.png using Guid(415ca29aeb904b94d8ae04f4204c0708) Importer(815301076,1909f56bfc062723c751e8b465ee728b)  -> (artifact id: '092d7ace91c0d895700881c2f9e826ca') in 0.178026 seconds
  Import took 0.181842 seconds .

========================================================================
Received Import Request.
  Time since last request: 594.120412 seconds.
  path: Assets/Scenes/Fin.unity
  artifactKey: Guid(824195b61261ede4eaa86a7adb4fa147) Importer(815301076,1909f56bfc062723c751e8b465ee728b)
Start importing Assets/Scenes/Fin.unity using Guid(824195b61261ede4eaa86a7adb4fa147) Importer(815301076,1909f56bfc062723c751e8b465ee728b)  -> (artifact id: 'f044a154e261b74dd50fb6a7cd9a37fd') in 0.020416 seconds
  Import took 0.025980 seconds .

========================================================================
Received Import Request.
  Time since last request: 649.739048 seconds.
  path: Assets/Scenes/Fin.unity
  artifactKey: Guid(824195b61261ede4eaa86a7adb4fa147) Importer(815301076,1909f56bfc062723c751e8b465ee728b)
Start importing Assets/Scenes/Fin.unity using Guid(824195b61261ede4eaa86a7adb4fa147) Importer(815301076,1909f56bfc062723c751e8b465ee728b)  -> (artifact id: 'cd12b4b852ccb3b66300241ba72f98bf') in 0.014568 seconds
  Import took 0.033591 seconds .

========================================================================
Received Import Request.
  Time since last request: 5.083298 seconds.
  path: Assets/Scenes/finale.unity
  artifactKey: Guid(10dfd1e4c285af449b15307a8ac3271a) Importer(815301076,1909f56bfc062723c751e8b465ee728b)
Start importing Assets/Scenes/finale.unity using Guid(10dfd1e4c285af449b15307a8ac3271a) Importer(815301076,1909f56bfc062723c751e8b465ee728b)  -> (artifact id: '0b3ad7b573445df059d5573d4bea42c2') in 0.008275 seconds
  Import took 0.014803 seconds .

========================================================================
Received Import Request.
  Time since last request: 606.489653 seconds.
  path: Assets/Scenes/Main.unity
  artifactKey: Guid(2cda990e2423bbf4892e6590ba056729) Importer(815301076,1909f56bfc062723c751e8b465ee728b)
Start importing Assets/Scenes/Main.unity using Guid(2cda990e2423bbf4892e6590ba056729) Importer(815301076,1909f56bfc062723c751e8b465ee728b)  -> (artifact id: '286a8726d495cbedc9ec527b11c6ec51') in 0.033674 seconds
  Import took 0.039049 seconds .

========================================================================
Received Import Request.
  Time since last request: 2.392755 seconds.
  path: Assets/Scenes/melody.unity
  artifactKey: Guid(d3f23738df1f2f74b889592efdd140a5) Importer(815301076,1909f56bfc062723c751e8b465ee728b)
Start importing Assets/Scenes/melody.unity using Guid(d3f23738df1f2f74b889592efdd140a5) Importer(815301076,1909f56bfc062723c751e8b465ee728b)  -> (artifact id: 'b30f2ee451349e092390120ca87eb76e') in 0.006962 seconds
  Import took 0.010706 seconds .

========================================================================
Received Import Request.
  Time since last request: 30.558054 seconds.
  path: Assets/Scenes/melody.unity
  artifactKey: Guid(d3f23738df1f2f74b889592efdd140a5) Importer(815301076,1909f56bfc062723c751e8b465ee728b)
Start importing Assets/Scenes/melody.unity using Guid(d3f23738df1f2f74b889592efdd140a5) Importer(815301076,1909f56bfc062723c751e8b465ee728b)  -> (artifact id: '0d01be2a4bb2aad319d7d33d710413d6') in 0.021386 seconds
  Import took 0.046505 seconds .

========================================================================
Received Import Request.
  Time since last request: 107.962809 seconds.
  path: Assets/Scenes/round1.unity
  artifactKey: Guid(2138e4a251f105a448e8b0d3d755c9c5) Importer(815301076,1909f56bfc062723c751e8b465ee728b)
Start importing Assets/Scenes/round1.unity using Guid(2138e4a251f105a448e8b0d3d755c9c5) Importer(815301076,1909f56bfc062723c751e8b465ee728b)  -> (artifact id: 'bf45e40fafda74d16112257fa3ee2b0b') in 0.030327 seconds
  Import took 0.035024 seconds .

========================================================================
Received Import Request.
  Time since last request: 193.826096 seconds.
  path: Assets/Scenes/Fin.unity
  artifactKey: Guid(824195b61261ede4eaa86a7adb4fa147) Importer(815301076,1909f56bfc062723c751e8b465ee728b)
Start importing Assets/Scenes/Fin.unity using Guid(824195b61261ede4eaa86a7adb4fa147) Importer(815301076,1909f56bfc062723c751e8b465ee728b)  -> (artifact id: '424bc3d92644f41e583fc3a4dfd5b898') in 0.005846 seconds
  Import took 0.009783 seconds .

========================================================================
Received Import Request.
  Time since last request: 1319.588533 seconds.
  path: Assets/img/11.gif
  artifactKey: Guid(ff205ea48bd89944fb88adf05d8e9eb5) Importer(815301076,1909f56bfc062723c751e8b465ee728b)
Start importing Assets/img/11.gif using Guid(ff205ea48bd89944fb88adf05d8e9eb5) Importer(815301076,1909f56bfc062723c751e8b465ee728b)  -> (artifact id: '383753686e2b4599523de00865ee4048') in 0.071333 seconds
  Import took 0.075361 seconds .

========================================================================
Received Import Request.
  Time since last request: 0.000358 seconds.
  path: Assets/img/fon.jpg
  artifactKey: Guid(2f3343724cfcaf74daf2c1365adbf89c) Importer(815301076,1909f56bfc062723c751e8b465ee728b)
Start importing Assets/img/fon.jpg using Guid(2f3343724cfcaf74daf2c1365adbf89c) Importer(815301076,1909f56bfc062723c751e8b465ee728b)  -> (artifact id: 'e537e09be1c56cddd5bb9f43f01b8148') in 0.024657 seconds
  Import took 0.037064 seconds .

========================================================================
Received Import Request.
  Time since last request: 0.000214 seconds.
  path: Assets/img/helper.png
  artifactKey: Guid(c86aabd4db60aee49bab99ffbfa6fa6b) Importer(815301076,1909f56bfc062723c751e8b465ee728b)
Start importing Assets/img/helper.png using Guid(c86aabd4db60aee49bab99ffbfa6fa6b) Importer(815301076,1909f56bfc062723c751e8b465ee728b)  -> (artifact id: '2f592644b64fb3c20707a9f0d92d8951') in 0.030445 seconds
  Import took 0.034702 seconds .

========================================================================
Received Import Request.
  Time since last request: 0.000655 seconds.
  path: Assets/img/pngwing.com.png
  artifactKey: Guid(415ca29aeb904b94d8ae04f4204c0708) Importer(815301076,1909f56bfc062723c751e8b465ee728b)
Start importing Assets/img/pngwing.com.png using Guid(415ca29aeb904b94d8ae04f4204c0708) Importer(815301076,1909f56bfc062723c751e8b465ee728b)  -> (artifact id: 'bd7fb19476775abf95c8ed2a9a2f77fb') in 0.037965 seconds
  Import took 0.043255 seconds .

========================================================================
Received Import Request.
  Time since last request: 0.000249 seconds.
  path: Assets/img/fon2.jpg
  artifactKey: Guid(b95cafadeddf282419ffb82457f0fb66) Importer(815301076,1909f56bfc062723c751e8b465ee728b)
Start importing Assets/img/fon2.jpg using Guid(b95cafadeddf282419ffb82457f0fb66) Importer(815301076,1909f56bfc062723c751e8b465ee728b)  -> (artifact id: '98c18e9ec617a142fe7ab9f60a11cf84') in 0.026322 seconds
  Import took 0.030271 seconds .

========================================================================
Received Import Request.
  Time since last request: 0.000196 seconds.
  path: Assets/img/23.gif
  artifactKey: Guid(28efef22aa30f82428779417005eee38) Importer(815301076,1909f56bfc062723c751e8b465ee728b)
Start importing Assets/img/23.gif using Guid(28efef22aa30f82428779417005eee38) Importer(815301076,1909f56bfc062723c751e8b465ee728b)  -> (artifact id: '56495d54eee3f9835b57a73f1b41321d') in 0.024116 seconds
  Import took 0.027723 seconds .

========================================================================
Received Import Request.
  Time since last request: 0.000227 seconds.
  path: Assets/img/14.gif
  artifactKey: Guid(f63a30488730409478acaf0fd2ea1c55) Importer(815301076,1909f56bfc062723c751e8b465ee728b)
Start importing Assets/img/14.gif using Guid(f63a30488730409478acaf0fd2ea1c55) Importer(815301076,1909f56bfc062723c751e8b465ee728b)  -> (artifact id: '28cf7dc3456f9a9cdd78386b45af0273') in 0.024311 seconds
  Import took 0.027783 seconds .

========================================================================
Received Import Request.
  Time since last request: 0.000216 seconds.
  path: Assets/img/fon1.jpg
  artifactKey: Guid(c4f8972b425e312498cd2d108804de5c) Importer(815301076,1909f56bfc062723c751e8b465ee728b)
Start importing Assets/img/fon1.jpg using Guid(c4f8972b425e312498cd2d108804de5c) Importer(815301076,1909f56bfc062723c751e8b465ee728b)  -> (artifact id: 'fdd2d8a2fc13ddb22ff9cb2ae16e647a') in 0.027870 seconds
  Import took 0.031520 seconds .

========================================================================
Received Import Request.
  Time since last request: 0.000286 seconds.
  path: Assets/img/18.gif
  artifactKey: Guid(0f4526a05d347d549a6a1d576ed5d2cb) Importer(815301076,1909f56bfc062723c751e8b465ee728b)
Start importing Assets/img/18.gif using Guid(0f4526a05d347d549a6a1d576ed5d2cb) Importer(815301076,1909f56bfc062723c751e8b465ee728b)  -> (artifact id: '9dd4a66b7528003d084c958c8a7827ea') in 0.030249 seconds
  Import took 0.033857 seconds .

========================================================================
Received Import Request.
  Time since last request: 0.000285 seconds.
  path: Assets/img/ved.gif
  artifactKey: Guid(b18ba6de329cbf641908a22e90c85a36) Importer(815301076,1909f56bfc062723c751e8b465ee728b)
Start importing Assets/img/ved.gif using Guid(b18ba6de329cbf641908a22e90c85a36) Importer(815301076,1909f56bfc062723c751e8b465ee728b)  -> (artifact id: 'a0b835e88128c477893befc7b713dbaa') in 0.020689 seconds
  Import took 0.024644 seconds .

========================================================================
Received Import Request.
  Time since last request: 0.000217 seconds.
  path: Assets/img/x-mark-drawing-red-check-mark-cross-thumbnail.png
  artifactKey: Guid(cb34cd0f11206da4789e6bde45fdacbc) Importer(815301076,1909f56bfc062723c751e8b465ee728b)
Start importing Assets/img/x-mark-drawing-red-check-mark-cross-thumbnail.png using Guid(cb34cd0f11206da4789e6bde45fdacbc) Importer(815301076,1909f56bfc062723c751e8b465ee728b)  -> (artifact id: '4c834c7a2eb0b59da63bcd6acb2e7eb9') in 0.022639 seconds
  Import took 0.026256 seconds .

========================================================================
Received Import Request.
  Time since last request: 109.329668 seconds.
  path: Assets/img/fon1.jpg
  artifactKey: Guid(c4f8972b425e312498cd2d108804de5c) Importer(815301076,1909f56bfc062723c751e8b465ee728b)
Start importing Assets/img/fon1.jpg using Guid(c4f8972b425e312498cd2d108804de5c) Importer(815301076,1909f56bfc062723c751e8b465ee728b)  -> (artifact id: '41e046f8f6e9b01fe59337c74fc03bb2') in 0.034923 seconds
  Import took 0.039906 seconds .

========================================================================
Received Import Request.
  Time since last request: 33.310674 seconds.
  path: Assets/img/fon1.jpg
  artifactKey: Guid(c4f8972b425e312498cd2d108804de5c) Importer(815301076,1909f56bfc062723c751e8b465ee728b)
Start importing Assets/img/fon1.jpg using Guid(c4f8972b425e312498cd2d108804de5c) Importer(815301076,1909f56bfc062723c751e8b465ee728b)  -> (artifact id: 'bc700cfcbce91dc41f93903a498d78f8') in 0.029638 seconds
  Import took 0.033763 seconds .

========================================================================
Received Import Request.
  Time since last request: 51.629414 seconds.
  path: Assets/img/fon1.jpg
  artifactKey: Guid(c4f8972b425e312498cd2d108804de5c) Importer(815301076,1909f56bfc062723c751e8b465ee728b)
Start importing Assets/img/fon1.jpg using Guid(c4f8972b425e312498cd2d108804de5c) Importer(815301076,1909f56bfc062723c751e8b465ee728b)  -> (artifact id: '9d329cc479087c723977d641875df783') in 0.040126 seconds
  Import took 0.044230 seconds .

========================================================================
Received Import Request.
  Time since last request: 85.253741 seconds.
  path: Assets/img/fon1.jpg
  artifactKey: Guid(c4f8972b425e312498cd2d108804de5c) Importer(815301076,1909f56bfc062723c751e8b465ee728b)
Start importing Assets/img/fon1.jpg using Guid(c4f8972b425e312498cd2d108804de5c) Importer(815301076,1909f56bfc062723c751e8b465ee728b)  -> (artifact id: '5a5ff5f5d76cfa7a674cba29cacbff59') in 0.030125 seconds
  Import took 0.035443 seconds .

========================================================================
Received Import Request.
  Time since last request: 386.558416 seconds.
  path: Assets/img/fon.jpg
  artifactKey: Guid(2f3343724cfcaf74daf2c1365adbf89c) Importer(815301076,1909f56bfc062723c751e8b465ee728b)
Start importing Assets/img/fon.jpg using Guid(2f3343724cfcaf74daf2c1365adbf89c) Importer(815301076,1909f56bfc062723c751e8b465ee728b)  -> (artifact id: 'e51c3451b67ff721975d36a108d0cf1c') in 0.036535 seconds
  Import took 0.040946 seconds .

========================================================================
Received Import Request.
  Time since last request: 207.061428 seconds.
  path: Assets/img/fon1.jpg
  artifactKey: Guid(c4f8972b425e312498cd2d108804de5c) Importer(815301076,1909f56bfc062723c751e8b465ee728b)
Start importing Assets/img/fon1.jpg using Guid(c4f8972b425e312498cd2d108804de5c) Importer(815301076,1909f56bfc062723c751e8b465ee728b)  -> (artifact id: 'fd094673d0ecb3f8bbb1eba319720741') in 0.022108 seconds
  Import took 0.026050 seconds .

========================================================================
Received Import Request.
  Time since last request: 373.045538 seconds.
  path: Assets/img/fon.jpg
  artifactKey: Guid(2f3343724cfcaf74daf2c1365adbf89c) Importer(815301076,1909f56bfc062723c751e8b465ee728b)
Start importing Assets/img/fon.jpg using Guid(2f3343724cfcaf74daf2c1365adbf89c) Importer(815301076,1909f56bfc062723c751e8b465ee728b)  -> (artifact id: '957a65e8e49bc38b76a2711dd5af7eea') in 0.029304 seconds
  Import took 0.035995 seconds .

========================================================================
Received Import Request.
  Time since last request: 713.501591 seconds.
  path: Assets/img/fon1.jpg
  artifactKey: Guid(c4f8972b425e312498cd2d108804de5c) Importer(815301076,1909f56bfc062723c751e8b465ee728b)
Start importing Assets/img/fon1.jpg using Guid(c4f8972b425e312498cd2d108804de5c) Importer(815301076,1909f56bfc062723c751e8b465ee728b)  -> (artifact id: 'c03f769b9fcb8d9eeabbafb69b3929c4') in 0.045378 seconds
  Import took 0.050078 seconds .

========================================================================
Received Import Request.
  Time since last request: 195.231428 seconds.
  path: Assets/Scenes/varients.unity
  artifactKey: Guid(d5e8a622289c3cc4fa46192a986fd0c9) Importer(815301076,1909f56bfc062723c751e8b465ee728b)
Start importing Assets/Scenes/varients.unity using Guid(d5e8a622289c3cc4fa46192a986fd0c9) Importer(815301076,1909f56bfc062723c751e8b465ee728b)  -> (artifact id: '7e02362743861b03cd0698f80f787c20') in 0.007836 seconds
  Import took 0.012367 seconds .

========================================================================
Received Import Request.
  Time since last request: 21.452457 seconds.
  path: Assets/Scenes/Fin.unity
  artifactKey: Guid(824195b61261ede4eaa86a7adb4fa147) Importer(815301076,1909f56bfc062723c751e8b465ee728b)
Start importing Assets/Scenes/Fin.unity using Guid(824195b61261ede4eaa86a7adb4fa147) Importer(815301076,1909f56bfc062723c751e8b465ee728b)  -> (artifact id: '4da01378f45547c0ee393d6c02731c60') in 0.011518 seconds
  Import took 0.015840 seconds .

========================================================================
Received Import Request.
  Time since last request: 8.225914 seconds.
  path: Assets/Scenes/finale.unity
  artifactKey: Guid(10dfd1e4c285af449b15307a8ac3271a) Importer(815301076,1909f56bfc062723c751e8b465ee728b)
Start importing Assets/Scenes/finale.unity using Guid(10dfd1e4c285af449b15307a8ac3271a) Importer(815301076,1909f56bfc062723c751e8b465ee728b)  -> (artifact id: 'cf1a9cc6c4cc131b10eeb1bbab13d3f8') in 0.011193 seconds
  Import took 0.015594 seconds .

========================================================================
Received Import Request.
  Time since last request: 113.551778 seconds.
  path: Assets/Scenes/round1.unity
  artifactKey: Guid(2138e4a251f105a448e8b0d3d755c9c5) Importer(815301076,1909f56bfc062723c751e8b465ee728b)
Start importing Assets/Scenes/round1.unity using Guid(2138e4a251f105a448e8b0d3d755c9c5) Importer(815301076,1909f56bfc062723c751e8b465ee728b)  -> (artifact id: '3d678d0ac42eba562d75eb7f75c5efa3') in 0.009055 seconds
  Import took 0.031965 seconds .

========================================================================
Received Import Request.
  Time since last request: 22.950913 seconds.
  path: Assets/Scenes/round1.unity
  artifactKey: Guid(2138e4a251f105a448e8b0d3d755c9c5) Importer(815301076,1909f56bfc062723c751e8b465ee728b)
Start importing Assets/Scenes/round1.unity using Guid(2138e4a251f105a448e8b0d3d755c9c5) Importer(815301076,1909f56bfc062723c751e8b465ee728b)  -> (artifact id: 'a58aba081fa45504246493402f4aef29') in 0.021876 seconds
  Import took 0.038384 seconds .

========================================================================
Received Import Request.
  Time since last request: 0.914356 seconds.
  path: Assets/Scenes/round2.unity
  artifactKey: Guid(13eddb8e627d3914dbafabc2e40673a8) Importer(815301076,1909f56bfc062723c751e8b465ee728b)
Start importing Assets/Scenes/round2.unity using Guid(13eddb8e627d3914dbafabc2e40673a8) Importer(815301076,1909f56bfc062723c751e8b465ee728b)  -> (artifact id: '1d3527291a9434a0bc99f4ae504696f4') in 0.013584 seconds
  Import took 0.056003 seconds .

========================================================================
Received Import Request.
  Time since last request: 27.462857 seconds.
  path: Assets/Scenes/finale.unity
  artifactKey: Guid(10dfd1e4c285af449b15307a8ac3271a) Importer(815301076,1909f56bfc062723c751e8b465ee728b)
Start importing Assets/Scenes/finale.unity using Guid(10dfd1e4c285af449b15307a8ac3271a) Importer(815301076,1909f56bfc062723c751e8b465ee728b)  -> (artifact id: '77ea73390b9abf6e7ef145f7412e293b') in 0.006992 seconds
  Import took 0.011754 seconds .

========================================================================
Received Import Request.
  Time since last request: 0.008712 seconds.
  path: Assets/Scenes/finale.unity
  artifactKey: Guid(10dfd1e4c285af449b15307a8ac3271a) Importer(815301076,1909f56bfc062723c751e8b465ee728b)
Start importing Assets/Scenes/finale.unity using Guid(10dfd1e4c285af449b15307a8ac3271a) Importer(815301076,1909f56bfc062723c751e8b465ee728b)  -> (artifact id: '77ea73390b9abf6e7ef145f7412e293b') in 0.016302 seconds
  Import took 0.021206 seconds .

========================================================================
Received Import Request.
  Time since last request: 3.106843 seconds.
  path: Assets/Scenes/Fin.unity
  artifactKey: Guid(824195b61261ede4eaa86a7adb4fa147) Importer(815301076,1909f56bfc062723c751e8b465ee728b)
Start importing Assets/Scenes/Fin.unity using Guid(824195b61261ede4eaa86a7adb4fa147) Importer(815301076,1909f56bfc062723c751e8b465ee728b)  -> (artifact id: '647edb4f63d9d6f1e9919d88dbb0b5a7') in 0.006771 seconds
  Import took 0.011030 seconds .

========================================================================
Received Import Request.
  Time since last request: 1.816246 seconds.
  path: Assets/Scenes/Helper.unity
  artifactKey: Guid(19dfb7f1a1a77e3479965e5c91aaff12) Importer(815301076,1909f56bfc062723c751e8b465ee728b)
Start importing Assets/Scenes/Helper.unity using Guid(19dfb7f1a1a77e3479965e5c91aaff12) Importer(815301076,1909f56bfc062723c751e8b465ee728b)  -> (artifact id: '68db28eef5fa4d06b423274cd7da5c89') in 0.024846 seconds
  Import took 0.031453 seconds .

========================================================================
Received Import Request.
  Time since last request: 1.331202 seconds.
  path: Assets/Scenes/Game.unity
  artifactKey: Guid(018505da09a050c44b29f889a56c20df) Importer(815301076,1909f56bfc062723c751e8b465ee728b)
Start importing Assets/Scenes/Game.unity using Guid(018505da09a050c44b29f889a56c20df) Importer(815301076,1909f56bfc062723c751e8b465ee728b)  -> (artifact id: '3b2ebc01cad50219b66267093b479070') in 0.011788 seconds
  Import took 0.019378 seconds .

========================================================================
Received Import Request.
  Time since last request: 282.598943 seconds.
  path: Assets/img/fon1.jpg
  artifactKey: Guid(c4f8972b425e312498cd2d108804de5c) Importer(815301076,1909f56bfc062723c751e8b465ee728b)
Start importing Assets/img/fon1.jpg using Guid(c4f8972b425e312498cd2d108804de5c) Importer(815301076,1909f56bfc062723c751e8b465ee728b)  -> (artifact id: '274d8db2710483256a81d236a69a67a3') in 0.032233 seconds
  Import took 0.036860 seconds .

========================================================================
Received Import Request.
  Time since last request: 616.428388 seconds.
  path: Assets/img/fon2.jpg
  artifactKey: Guid(b95cafadeddf282419ffb82457f0fb66) Importer(815301076,1909f56bfc062723c751e8b465ee728b)
Start importing Assets/img/fon2.jpg using Guid(b95cafadeddf282419ffb82457f0fb66) Importer(815301076,1909f56bfc062723c751e8b465ee728b)  -> (artifact id: '517475b9edde3c1355112d83375d2cff') in 0.032971 seconds
  Import took 0.048736 seconds .

========================================================================
Received Import Request.
  Time since last request: 76.118297 seconds.
  path: Assets/img/fon2 1.jpg
  artifactKey: Guid(9d23ae33a0745114e96cbe842817c39d) Importer(815301076,1909f56bfc062723c751e8b465ee728b)
Start importing Assets/img/fon2 1.jpg using Guid(9d23ae33a0745114e96cbe842817c39d) Importer(815301076,1909f56bfc062723c751e8b465ee728b)  -> (artifact id: 'b005aba6a39a14f522d1d782004d3166') in 0.039299 seconds
  Import took 0.045327 seconds .

========================================================================
Received Import Request.
  Time since last request: 22.486556 seconds.
  path: Assets/img/fon2.jpg
  artifactKey: Guid(b95cafadeddf282419ffb82457f0fb66) Importer(815301076,1909f56bfc062723c751e8b465ee728b)
Start importing Assets/img/fon2.jpg using Guid(b95cafadeddf282419ffb82457f0fb66) Importer(815301076,1909f56bfc062723c751e8b465ee728b)  -> (artifact id: 'e1b3319c33a7d98a38cf40e15572a4dd') in 0.039222 seconds
  Import took 0.042911 seconds .

========================================================================
Received Import Request.
  Time since last request: 34.909994 seconds.
  path: Assets/img/fon2.jpg
  artifactKey: Guid(b95cafadeddf282419ffb82457f0fb66) Importer(815301076,1909f56bfc062723c751e8b465ee728b)
Start importing Assets/img/fon2.jpg using Guid(b95cafadeddf282419ffb82457f0fb66) Importer(815301076,1909f56bfc062723c751e8b465ee728b)  -> (artifact id: '22d13ffff5e9edb93c71b3f3c8e5e141') in 0.038925 seconds
  Import took 0.042652 seconds .

========================================================================
Received Import Request.
  Time since last request: 176.418228 seconds.
  path: Assets/Scenes/Game.unity
  artifactKey: Guid(018505da09a050c44b29f889a56c20df) Importer(815301076,1909f56bfc062723c751e8b465ee728b)
Start importing Assets/Scenes/Game.unity using Guid(018505da09a050c44b29f889a56c20df) Importer(815301076,1909f56bfc062723c751e8b465ee728b)  -> (artifact id: 'a12c0dfa17d217c36e1c06d3751eecf8') in 0.012054 seconds
  Import took 0.016477 seconds .

========================================================================
Received Import Request.
  Time since last request: 7.437939 seconds.
  path: Assets/Scenes/Main.unity
  artifactKey: Guid(2cda990e2423bbf4892e6590ba056729) Importer(815301076,1909f56bfc062723c751e8b465ee728b)
Start importing Assets/Scenes/Main.unity using Guid(2cda990e2423bbf4892e6590ba056729) Importer(815301076,1909f56bfc062723c751e8b465ee728b)  -> (artifact id: 'e0593230ff19941702369120c13a1552') in 0.024810 seconds
  Import took 0.036287 seconds .

========================================================================
Received Import Request.
  Time since last request: 38.679735 seconds.
  path: Assets/Scenes/melody.unity
  artifactKey: Guid(d3f23738df1f2f74b889592efdd140a5) Importer(815301076,1909f56bfc062723c751e8b465ee728b)
Start importing Assets/Scenes/melody.unity using Guid(d3f23738df1f2f74b889592efdd140a5) Importer(815301076,1909f56bfc062723c751e8b465ee728b)  -> (artifact id: '57b8de886490aab13f2d89fcef35aedf') in 0.010163 seconds
  Import took 0.015334 seconds .

========================================================================
Received Import Request.
  Time since last request: 46.204561 seconds.
  path: Assets/Scenes/round2.unity
  artifactKey: Guid(13eddb8e627d3914dbafabc2e40673a8) Importer(815301076,1909f56bfc062723c751e8b465ee728b)
Start importing Assets/Scenes/round2.unity using Guid(13eddb8e627d3914dbafabc2e40673a8) Importer(815301076,1909f56bfc062723c751e8b465ee728b)  -> (artifact id: 'c53eb4ce5ab27fe025fa98f96417a22d') in 0.012741 seconds
  Import took 0.016762 seconds .

========================================================================
Received Import Request.
  Time since last request: 173.249944 seconds.
  path: Assets/Scenes/finale.unity
  artifactKey: Guid(10dfd1e4c285af449b15307a8ac3271a) Importer(815301076,1909f56bfc062723c751e8b465ee728b)
Start importing Assets/Scenes/finale.unity using Guid(10dfd1e4c285af449b15307a8ac3271a) Importer(815301076,1909f56bfc062723c751e8b465ee728b)  -> (artifact id: 'ebea9e0aa4305688c7c86f2552726559') in 0.019869 seconds
  Import took 0.031405 seconds .

========================================================================
Received Import Request.
  Time since last request: 16.780673 seconds.
  path: Assets/Scenes/Main.unity
  artifactKey: Guid(2cda990e2423bbf4892e6590ba056729) Importer(815301076,1909f56bfc062723c751e8b465ee728b)
Start importing Assets/Scenes/Main.unity using Guid(2cda990e2423bbf4892e6590ba056729) Importer(815301076,1909f56bfc062723c751e8b465ee728b)  -> (artifact id: '45667b0f5ce2a9e0d7f9505060c3d995') in 0.009334 seconds
  Import took 0.013183 seconds .

========================================================================
Received Import Request.
  Time since last request: 0.002886 seconds.
  path: Assets/Scenes/Main.unity
  artifactKey: Guid(2cda990e2423bbf4892e6590ba056729) Importer(815301076,1909f56bfc062723c751e8b465ee728b)
Start importing Assets/Scenes/Main.unity using Guid(2cda990e2423bbf4892e6590ba056729) Importer(815301076,1909f56bfc062723c751e8b465ee728b)  -> (artifact id: '45667b0f5ce2a9e0d7f9505060c3d995') in 0.025032 seconds
  Import took 0.031603 seconds .

========================================================================
Received Import Request.
  Time since last request: 52.940438 seconds.
  path: Assets/Scenes/Helper.unity
  artifactKey: Guid(19dfb7f1a1a77e3479965e5c91aaff12) Importer(815301076,1909f56bfc062723c751e8b465ee728b)
Start importing Assets/Scenes/Helper.unity using Guid(19dfb7f1a1a77e3479965e5c91aaff12) Importer(815301076,1909f56bfc062723c751e8b465ee728b)  -> (artifact id: '541e60ecf2973d0481e45879a6f25ba8') in 0.027695 seconds
  Import took 0.035445 seconds .

========================================================================
Received Import Request.
  Time since last request: 2289.348563 seconds.
  path: Assets/Scenes/Helper.unity
  artifactKey: Guid(19dfb7f1a1a77e3479965e5c91aaff12) Importer(815301076,1909f56bfc062723c751e8b465ee728b)
Start importing Assets/Scenes/Helper.unity using Guid(19dfb7f1a1a77e3479965e5c91aaff12) Importer(815301076,1909f56bfc062723c751e8b465ee728b)  -> (artifact id: 'e0f2d03c8d23055ff22737701fedc48e') in 0.031041 seconds
  Import took 0.052709 seconds .

========================================================================
Received Import Request.
  Time since last request: 7.767256 seconds.
  path: Assets/Scenes/round2.unity
  artifactKey: Guid(13eddb8e627d3914dbafabc2e40673a8) Importer(815301076,1909f56bfc062723c751e8b465ee728b)
Start importing Assets/Scenes/round2.unity using Guid(13eddb8e627d3914dbafabc2e40673a8) Importer(815301076,1909f56bfc062723c751e8b465ee728b)  -> (artifact id: 'a58eae0bb3c09b3c52b2acda895c2c60') in 0.008906 seconds
  Import took 0.013253 seconds .

========================================================================
Received Import Request.
  Time since last request: 6.313230 seconds.
  path: Assets/Scenes/varients.unity
  artifactKey: Guid(d5e8a622289c3cc4fa46192a986fd0c9) Importer(815301076,1909f56bfc062723c751e8b465ee728b)
Start importing Assets/Scenes/varients.unity using Guid(d5e8a622289c3cc4fa46192a986fd0c9) Importer(815301076,1909f56bfc062723c751e8b465ee728b)  -> (artifact id: '4257af1e0ca62411f6f4c1448d524ada') in 0.009368 seconds
  Import took 0.013410 seconds .

========================================================================
Received Import Request.
  Time since last request: 162.859564 seconds.
  path: Assets/Scenes/admin.unity
  artifactKey: Guid(2b9058a4b43dbde40a6ce8dd57a41a9d) Importer(815301076,1909f56bfc062723c751e8b465ee728b)
Start importing Assets/Scenes/admin.unity using Guid(2b9058a4b43dbde40a6ce8dd57a41a9d) Importer(815301076,1909f56bfc062723c751e8b465ee728b)  -> (artifact id: '4a22f5a7adf48a97a12f423ada1831d2') in 0.013030 seconds
  Import took 0.031725 seconds .

========================================================================
Received Import Request.
  Time since last request: 254859.837038 seconds.
  path: Assets/toHelper.cs
  artifactKey: Guid(f8ea07b5e8e1d4442aae84eb165476a9) Importer(815301076,1909f56bfc062723c751e8b465ee728b)
Start importing Assets/toHelper.cs using Guid(f8ea07b5e8e1d4442aae84eb165476a9) Importer(815301076,1909f56bfc062723c751e8b465ee728b)  -> (artifact id: '7d7e3e9048e273781715e032f4d7f55f') in 0.039838 seconds
  Import took 0.110475 seconds .

========================================================================
Received Prepare
Registering precompiled user dll's ...
Registered in 0.001155 seconds.
Begin MonoManager ReloadAssembly
Native extension for WindowsStandalone target not found
Refreshing native plugins compatible for Editor in 0.78 ms, found 1 plugins.
Preloading 0 native plugins for Editor in 0.00 ms.
Invoked RoslynAnalysisRunner static constructor.
RoslynAnalysisRunner will not be running.
RoslynAnalysisRunner has terminated.
Mono: successfully reloaded assembly
- Completed reload, in  1.361 seconds
Platform modules already initialized, skipping
Refreshing native plugins compatible for Editor in 0.43 ms, found 1 plugins.
Preloading 0 native plugins for Editor in 0.00 ms.
Unloading 1789 Unused Serialized files (Serialized files now loaded: 0)
System memory in use before: 88.0 MB.
System memory in use after: 88.0 MB.

Unloading 12 unused Assets to reduce memory usage. Loaded Objects now: 2279.
Total: 2.889200 ms (FindLiveObjects: 0.258500 ms CreateObjectMapping: 0.055800 ms MarkObjects: 2.363600 ms  DeleteObjects: 0.209600 ms)

========================================================================
Received Prepare
Registering precompiled user dll's ...
Registered in 0.000884 seconds.
Begin MonoManager ReloadAssembly
Native extension for WindowsStandalone target not found
Refreshing native plugins compatible for Editor in 0.43 ms, found 1 plugins.
Preloading 0 native plugins for Editor in 0.00 ms.
Invoked RoslynAnalysisRunner static constructor.
RoslynAnalysisRunner will not be running.
RoslynAnalysisRunner has terminated.
Mono: successfully reloaded assembly
- Completed reload, in  1.190 seconds
Platform modules already initialized, skipping
Refreshing native plugins compatible for Editor in 0.38 ms, found 1 plugins.
Preloading 0 native plugins for Editor in 0.00 ms.
Unloading 1789 Unused Serialized files (Serialized files now loaded: 0)
System memory in use before: 88.0 MB.
System memory in use after: 88.0 MB.

Unloading 12 unused Assets to reduce memory usage. Loaded Objects now: 2282.
Total: 2.766300 ms (FindLiveObjects: 0.254000 ms CreateObjectMapping: 0.058500 ms MarkObjects: 2.295100 ms  DeleteObjects: 0.157200 ms)

========================================================================
Received Import Request.
  Time since last request: 75.044704 seconds.
  path: Assets/script
  artifactKey: Guid(49836153bd8978a45b24b5b3e0ffd964) Importer(815301076,1909f56bfc062723c751e8b465ee728b)
Start importing Assets/script using Guid(49836153bd8978a45b24b5b3e0ffd964) Importer(815301076,1909f56bfc062723c751e8b465ee728b)  -> (artifact id: '68156ef0c2af993376775f1445c73083') in 0.012165 seconds
  Import took 0.037107 seconds .

========================================================================
Received Import Request.
  Time since last request: 156.427071 seconds.
  path: Assets/SceneChange.prefab
  artifactKey: Guid(05bada8d5592b494d8d90c123b6c5b2a) Importer(815301076,1909f56bfc062723c751e8b465ee728b)
Start importing Assets/SceneChange.prefab using Guid(05bada8d5592b494d8d90c123b6c5b2a) Importer(815301076,1909f56bfc062723c751e8b465ee728b)  -> (artifact id: '9aec5dd43d3bf74831c642f930107aaf') in 0.067926 seconds
  Import took 0.094289 seconds .

========================================================================
Received Import Request.
  Time since last request: 15.436176 seconds.
  path: Assets/script/SceneChange.cs
  artifactKey: Guid(f8ea07b5e8e1d4442aae84eb165476a9) Importer(815301076,1909f56bfc062723c751e8b465ee728b)
Start importing Assets/script/SceneChange.cs using Guid(f8ea07b5e8e1d4442aae84eb165476a9) Importer(815301076,1909f56bfc062723c751e8b465ee728b)  -> (artifact id: '982032489c679dae0f2e5bea0ed4963c') in 0.005836 seconds
  Import took 0.020654 seconds .

========================================================================
Received Prepare
Registering precompiled user dll's ...
Registered in 0.001006 seconds.
Begin MonoManager ReloadAssembly
Native extension for WindowsStandalone target not found
Refreshing native plugins compatible for Editor in 0.44 ms, found 1 plugins.
Preloading 0 native plugins for Editor in 0.00 ms.
Invoked RoslynAnalysisRunner static constructor.
RoslynAnalysisRunner will not be running.
RoslynAnalysisRunner has terminated.
Mono: successfully reloaded assembly
- Completed reload, in  1.202 seconds
Platform modules already initialized, skipping
Refreshing native plugins compatible for Editor in 0.42 ms, found 1 plugins.
Preloading 0 native plugins for Editor in 0.00 ms.
Unloading 1789 Unused Serialized files (Serialized files now loaded: 0)
System memory in use before: 88.0 MB.
System memory in use after: 88.0 MB.

Unloading 12 unused Assets to reduce memory usage. Loaded Objects now: 2285.
Total: 2.666900 ms (FindLiveObjects: 0.226100 ms CreateObjectMapping: 0.057200 ms MarkObjects: 2.227300 ms  DeleteObjects: 0.155300 ms)

========================================================================
Received Import Request.
  Time since last request: 93.315562 seconds.
  path: Assets/script/SceneChange.cs
  artifactKey: Guid(f8ea07b5e8e1d4442aae84eb165476a9) Importer(815301076,1909f56bfc062723c751e8b465ee728b)
Start importing Assets/script/SceneChange.cs using Guid(f8ea07b5e8e1d4442aae84eb165476a9) Importer(815301076,1909f56bfc062723c751e8b465ee728b)  -> (artifact id: 'eb588b1d6f456249fef75a8b3fbb27b2') in 0.033327 seconds
  Import took 0.046302 seconds .

========================================================================
Received Prepare
Registering precompiled user dll's ...
Registered in 0.001012 seconds.
Begin MonoManager ReloadAssembly
Native extension for WindowsStandalone target not found
Refreshing native plugins compatible for Editor in 0.40 ms, found 1 plugins.
Preloading 0 native plugins for Editor in 0.00 ms.
Invoked RoslynAnalysisRunner static constructor.
RoslynAnalysisRunner will not be running.
RoslynAnalysisRunner has terminated.
Mono: successfully reloaded assembly
- Completed reload, in  1.181 seconds
Platform modules already initialized, skipping
Refreshing native plugins compatible for Editor in 0.66 ms, found 1 plugins.
Preloading 0 native plugins for Editor in 0.00 ms.
Unloading 1788 Unused Serialized files (Serialized files now loaded: 0)
System memory in use before: 88.0 MB.
System memory in use after: 88.0 MB.

Unloading 13 unused Assets to reduce memory usage. Loaded Objects now: 2287.
Total: 2.723100 ms (FindLiveObjects: 0.312400 ms CreateObjectMapping: 0.062400 ms MarkObjects: 2.181800 ms  DeleteObjects: 0.164700 ms)

========================================================================
Received Import Request.
  Time since last request: 163.097437 seconds.
  path: Assets/script/SceneChange.cs
  artifactKey: Guid(f8ea07b5e8e1d4442aae84eb165476a9) Importer(815301076,1909f56bfc062723c751e8b465ee728b)
Start importing Assets/script/SceneChange.cs using Guid(f8ea07b5e8e1d4442aae84eb165476a9) Importer(815301076,1909f56bfc062723c751e8b465ee728b)  -> (artifact id: '7a20afa4c1c69f8e4c4fd15631f8104b') in 0.012376 seconds
  Import took 0.021880 seconds .

========================================================================
Received Prepare
Registering precompiled user dll's ...
Registered in 0.001009 seconds.
Begin MonoManager ReloadAssembly
Native extension for WindowsStandalone target not found
Refreshing native plugins compatible for Editor in 0.44 ms, found 1 plugins.
Preloading 0 native plugins for Editor in 0.00 ms.
Invoked RoslynAnalysisRunner static constructor.
RoslynAnalysisRunner will not be running.
RoslynAnalysisRunner has terminated.
Mono: successfully reloaded assembly
- Completed reload, in  1.170 seconds
Platform modules already initialized, skipping
Refreshing native plugins compatible for Editor in 0.46 ms, found 1 plugins.
Preloading 0 native plugins for Editor in 0.00 ms.
Unloading 1789 Unused Serialized files (Serialized files now loaded: 0)
System memory in use before: 88.0 MB.
System memory in use after: 88.0 MB.

Unloading 12 unused Assets to reduce memory usage. Loaded Objects now: 2291.
Total: 2.750500 ms (FindLiveObjects: 0.231900 ms CreateObjectMapping: 0.054700 ms MarkObjects: 2.308300 ms  DeleteObjects: 0.154200 ms)

========================================================================
Received Prepare
Registering precompiled user dll's ...
Registered in 0.000903 seconds.
Begin MonoManager ReloadAssembly
Native extension for WindowsStandalone target not found
Refreshing native plugins compatible for Editor in 0.46 ms, found 1 plugins.
Preloading 0 native plugins for Editor in 0.00 ms.
Invoked RoslynAnalysisRunner static constructor.
RoslynAnalysisRunner will not be running.
RoslynAnalysisRunner has terminated.
Mono: successfully reloaded assembly
- Completed reload, in  1.187 seconds
Platform modules already initialized, skipping
Refreshing native plugins compatible for Editor in 0.42 ms, found 1 plugins.
Preloading 0 native plugins for Editor in 0.00 ms.
Unloading 1789 Unused Serialized files (Serialized files now loaded: 0)
System memory in use before: 88.0 MB.
System memory in use after: 88.0 MB.

Unloading 12 unused Assets to reduce memory usage. Loaded Objects now: 2294.
Total: 2.931300 ms (FindLiveObjects: 0.246200 ms CreateObjectMapping: 0.061800 ms MarkObjects: 2.475700 ms  DeleteObjects: 0.145600 ms)

========================================================================
Received Import Request.
  Time since last request: 158.513698 seconds.
  path: Assets/script/SceneChange.cs
  artifactKey: Guid(f8ea07b5e8e1d4442aae84eb165476a9) Importer(815301076,1909f56bfc062723c751e8b465ee728b)
Start importing Assets/script/SceneChange.cs using Guid(f8ea07b5e8e1d4442aae84eb165476a9) Importer(815301076,1909f56bfc062723c751e8b465ee728b)  -> (artifact id: '44fc29da33c7ecb073243f589e26818d') in 0.006757 seconds
  Import took 0.021733 seconds .

========================================================================
Received Import Request.
  Time since last request: 333.973384 seconds.
  path: Assets/Scenes/SceneChange.prefab
  artifactKey: Guid(76b21c3626b9ec14e89c1413af3c280f) Importer(815301076,1909f56bfc062723c751e8b465ee728b)
Start importing Assets/Scenes/SceneChange.prefab using Guid(76b21c3626b9ec14e89c1413af3c280f) Importer(815301076,1909f56bfc062723c751e8b465ee728b)  -> (artifact id: 'dd362f70e7c46462520f2c246e7d5663') in 0.054533 seconds
  Import took 0.070241 seconds .

========================================================================
Received Import Request.
  Time since last request: 18.928550 seconds.
  path: Assets/Scenes/round1.unity
  artifactKey: Guid(2138e4a251f105a448e8b0d3d755c9c5) Importer(815301076,1909f56bfc062723c751e8b465ee728b)
Start importing Assets/Scenes/round1.unity using Guid(2138e4a251f105a448e8b0d3d755c9c5) Importer(815301076,1909f56bfc062723c751e8b465ee728b)  -> (artifact id: 'fa8908639f2d1ae3ee4fbf3794063751') in 0.039133 seconds
  Import took 0.043317 seconds .

========================================================================
Received Import Request.
  Time since last request: 1007.240566 seconds.
  path: Assets/Scenes/admin.unity
  artifactKey: Guid(2b9058a4b43dbde40a6ce8dd57a41a9d) Importer(815301076,1909f56bfc062723c751e8b465ee728b)
Start importing Assets/Scenes/admin.unity using Guid(2b9058a4b43dbde40a6ce8dd57a41a9d) Importer(815301076,1909f56bfc062723c751e8b465ee728b)  -> (artifact id: '60b50475c10ede87250e9b4be9c062fa') in 0.014261 seconds
  Import took 0.027074 seconds .

========================================================================
Received Import Request.
  Time since last request: 2.140987 seconds.
  path: Assets/Scenes/Helper.unity
  artifactKey: Guid(19dfb7f1a1a77e3479965e5c91aaff12) Importer(815301076,1909f56bfc062723c751e8b465ee728b)
Start importing Assets/Scenes/Helper.unity using Guid(19dfb7f1a1a77e3479965e5c91aaff12) Importer(815301076,1909f56bfc062723c751e8b465ee728b)  -> (artifact id: 'a6eaff5ec0119b44c545841e1b33ec1a') in 0.011960 seconds
  Import took 0.029886 seconds .

========================================================================
Received Import Request.
  Time since last request: 0.021948 seconds.
  path: Assets/Scenes/Main.unity
  artifactKey: Guid(2cda990e2423bbf4892e6590ba056729) Importer(815301076,1909f56bfc062723c751e8b465ee728b)
Start importing Assets/Scenes/Main.unity using Guid(2cda990e2423bbf4892e6590ba056729) Importer(815301076,1909f56bfc062723c751e8b465ee728b)  -> (artifact id: '32b82eb0dce81c0e9e4c49a208a6f175') in 0.024098 seconds
  Import took 0.028834 seconds .

========================================================================
Received Prepare
Registering precompiled user dll's ...
Registered in 0.001830 seconds.
Begin MonoManager ReloadAssembly
Native extension for WindowsStandalone target not found
Refreshing native plugins compatible for Editor in 0.46 ms, found 1 plugins.
Preloading 0 native plugins for Editor in 0.00 ms.
Invoked RoslynAnalysisRunner static constructor.
RoslynAnalysisRunner will not be running.
RoslynAnalysisRunner has terminated.
Mono: successfully reloaded assembly
- Completed reload, in  1.406 seconds
Platform modules already initialized, skipping
Switching build target platform(5) subTarget(0) extendedPlatform(0) -> platform(13) subTarget(537395200) extendedPlatform(0)
Refreshing native plugins compatible for Editor in 0.46 ms, found 1 plugins.
Preloading 0 native plugins for Editor in 0.00 ms.
Unloading 1793 Unused Serialized files (Serialized files now loaded: 0)
System memory in use before: 88.1 MB.
System memory in use after: 88.1 MB.

Unloading 12 unused Assets to reduce memory usage. Loaded Objects now: 2297.
Total: 2.865700 ms (FindLiveObjects: 0.250100 ms CreateObjectMapping: 0.046900 ms MarkObjects: 2.397100 ms  DeleteObjects: 0.170500 ms)

AssetImportParameters requested are different than current active one (requested -> active):
  custom:graphics/normal-map-encoding: 01000000000000000000000000000000 -> 02000000000000000000000000000000
========================================================================
Received Prepare
Refreshing native plugins compatible for Editor in 1.59 ms, found 1 plugins.
Preloading 0 native plugins for Editor in 0.00 ms.
Unloading 10 Unused Serialized files (Serialized files now loaded: 0)
System memory in use before: 52.9 MB.
System memory in use after: 52.9 MB.

Unloading 10 unused Assets to reduce memory usage. Loaded Objects now: 2297.
Total: 2.935500 ms (FindLiveObjects: 0.287100 ms CreateObjectMapping: 0.069900 ms MarkObjects: 2.393500 ms  DeleteObjects: 0.183100 ms)

========================================================================
Received Prepare
Registering precompiled user dll's ...
Registered in 0.001052 seconds.
Begin MonoManager ReloadAssembly
Native extension for WindowsStandalone target not found
Refreshing native plugins compatible for Editor in 0.45 ms, found 1 plugins.
Preloading 0 native plugins for Editor in 0.00 ms.
Invoked RoslynAnalysisRunner static constructor.
RoslynAnalysisRunner will not be running.
RoslynAnalysisRunner has terminated.
Mono: successfully reloaded assembly
- Completed reload, in  1.398 seconds
Platform modules already initialized, skipping
Switching build target platform(5) subTarget(0) extendedPlatform(0) -> platform(13) subTarget(537395200) extendedPlatform(0)
Refreshing native plugins compatible for Editor in 0.45 ms, found 1 plugins.
Preloading 0 native plugins for Editor in 0.00 ms.
Unloading 1793 Unused Serialized files (Serialized files now loaded: 0)
System memory in use before: 88.1 MB.
System memory in use after: 88.1 MB.

Unloading 12 unused Assets to reduce memory usage. Loaded Objects now: 2300.
Total: 4.528100 ms (FindLiveObjects: 0.291000 ms CreateObjectMapping: 0.089900 ms MarkObjects: 3.898400 ms  DeleteObjects: 0.246500 ms)

AssetImportParameters requested are different than current active one (requested -> active):
  custom:graphics/normal-map-encoding: 01000000000000000000000000000000 -> 02000000000000000000000000000000
========================================================================
Received Import Request.
  Time since last request: 699.838228 seconds.
  path: Assets/img/pngwing.com.png
  artifactKey: Guid(415ca29aeb904b94d8ae04f4204c0708) Importer(815301076,1909f56bfc062723c751e8b465ee728b)
Start importing Assets/img/pngwing.com.png using Guid(415ca29aeb904b94d8ae04f4204c0708) Importer(815301076,1909f56bfc062723c751e8b465ee728b)  -> (artifact id: '46b5c92ec7785da72a24383486f2fd6e') in 0.148566 seconds
  Import took 0.153825 seconds .

========================================================================
Received Import Request.
  Time since last request: 0.000227 seconds.
  path: Assets/img/ved.gif
  artifactKey: Guid(b18ba6de329cbf641908a22e90c85a36) Importer(815301076,1909f56bfc062723c751e8b465ee728b)
Start importing Assets/img/ved.gif using Guid(b18ba6de329cbf641908a22e90c85a36) Importer(815301076,1909f56bfc062723c751e8b465ee728b)  -> (artifact id: '565d002818332bc651d7709660e89aff') in 0.038262 seconds
  Import took 0.042128 seconds .

========================================================================
Received Import Request.
  Time since last request: 0.000410 seconds.
  path: Assets/img/x-mark-drawing-red-check-mark-cross-thumbnail.png
  artifactKey: Guid(cb34cd0f11206da4789e6bde45fdacbc) Importer(815301076,1909f56bfc062723c751e8b465ee728b)
Start importing Assets/img/x-mark-drawing-red-check-mark-cross-thumbnail.png using Guid(cb34cd0f11206da4789e6bde45fdacbc) Importer(815301076,1909f56bfc062723c751e8b465ee728b)  -> (artifact id: '0cea45e748adb661b206ae61b5337c85') in 0.059514 seconds
  Import took 0.065031 seconds .

========================================================================
Received Import Request.
  Time since last request: 0.008773 seconds.
  path: Assets/img/x-mark-drawing-red-check-mark-cross-thumbnail.png
  artifactKey: Guid(cb34cd0f11206da4789e6bde45fdacbc) Importer(815301076,1909f56bfc062723c751e8b465ee728b)
Start importing Assets/img/x-mark-drawing-red-check-mark-cross-thumbnail.png using Guid(cb34cd0f11206da4789e6bde45fdacbc) Importer(815301076,1909f56bfc062723c751e8b465ee728b)  -> (artifact id: '0cea45e748adb661b206ae61b5337c85') in 0.028529 seconds
  Import took 0.032231 seconds .

========================================================================
Received Import Request.
  Time since last request: 1.589623 seconds.
  path: Assets/img/18.gif
  artifactKey: Guid(0f4526a05d347d549a6a1d576ed5d2cb) Importer(815301076,1909f56bfc062723c751e8b465ee728b)
Start importing Assets/img/18.gif using Guid(0f4526a05d347d549a6a1d576ed5d2cb) Importer(815301076,1909f56bfc062723c751e8b465ee728b)  -> (artifact id: 'a2a8e774e01632806809989c417c2dcb') in 0.031395 seconds
  Import took 0.038260 seconds .

========================================================================
Received Import Request.
  Time since last request: 0.000686 seconds.
  path: Assets/img/fon.jpg
  artifactKey: Guid(2f3343724cfcaf74daf2c1365adbf89c) Importer(815301076,1909f56bfc062723c751e8b465ee728b)
Start importing Assets/img/fon.jpg using Guid(2f3343724cfcaf74daf2c1365adbf89c) Importer(815301076,1909f56bfc062723c751e8b465ee728b)  -> (artifact id: 'b57fb197d90ae1cc6cef97099f05976e') in 0.056563 seconds
  Import took 0.061114 seconds .

========================================================================
Received Import Request.
  Time since last request: 0.000217 seconds.
  path: Assets/img/helper.png
  artifactKey: Guid(c86aabd4db60aee49bab99ffbfa6fa6b) Importer(815301076,1909f56bfc062723c751e8b465ee728b)
Start importing Assets/img/helper.png using Guid(c86aabd4db60aee49bab99ffbfa6fa6b) Importer(815301076,1909f56bfc062723c751e8b465ee728b)  -> (artifact id: '7cf0b53360dee1e60f54a15631bc9f1a') in 0.039997 seconds
  Import took 0.043367 seconds .

========================================================================
Received Import Request.
  Time since last request: 0.000206 seconds.
  path: Assets/img/fon2.jpg
  artifactKey: Guid(b95cafadeddf282419ffb82457f0fb66) Importer(815301076,1909f56bfc062723c751e8b465ee728b)
Start importing Assets/img/fon2.jpg using Guid(b95cafadeddf282419ffb82457f0fb66) Importer(815301076,1909f56bfc062723c751e8b465ee728b)  -> (artifact id: '0495d0356ca0c8ef306ddcddb96b0f69') in 0.040408 seconds
  Import took 0.043897 seconds .

========================================================================
Received Import Request.
  Time since last request: 0.000474 seconds.
  path: Assets/img/23.gif
  artifactKey: Guid(28efef22aa30f82428779417005eee38) Importer(815301076,1909f56bfc062723c751e8b465ee728b)
Start importing Assets/img/23.gif using Guid(28efef22aa30f82428779417005eee38) Importer(815301076,1909f56bfc062723c751e8b465ee728b)  -> (artifact id: '7c16a5f02f4627cc7c3486aee197c4b7') in 0.039661 seconds
  Import took 0.046857 seconds .

========================================================================
Received Import Request.
  Time since last request: 0.000296 seconds.
  path: Assets/img/14.gif
  artifactKey: Guid(f63a30488730409478acaf0fd2ea1c55) Importer(815301076,1909f56bfc062723c751e8b465ee728b)
Start importing Assets/img/14.gif using Guid(f63a30488730409478acaf0fd2ea1c55) Importer(815301076,1909f56bfc062723c751e8b465ee728b)  -> (artifact id: '735b457154230fd1ed09e01f4682453e') in 0.036622 seconds
  Import took 0.040525 seconds .

========================================================================
Received Import Request.
  Time since last request: 0.000378 seconds.
  path: Assets/img/fon1.jpg
  artifactKey: Guid(c4f8972b425e312498cd2d108804de5c) Importer(815301076,1909f56bfc062723c751e8b465ee728b)
Start importing Assets/img/fon1.jpg using Guid(c4f8972b425e312498cd2d108804de5c) Importer(815301076,1909f56bfc062723c751e8b465ee728b)  -> (artifact id: 'af4241487bcd2a4232c44526c8eca1b9') in 0.039028 seconds
  Import took 0.043688 seconds .

========================================================================
Received Import Request.
  Time since last request: 0.000420 seconds.
  path: Assets/img/11.gif
  artifactKey: Guid(ff205ea48bd89944fb88adf05d8e9eb5) Importer(815301076,1909f56bfc062723c751e8b465ee728b)
Start importing Assets/img/11.gif using Guid(ff205ea48bd89944fb88adf05d8e9eb5) Importer(815301076,1909f56bfc062723c751e8b465ee728b)  -> (artifact id: '028f85251ddd86f069575959d9bf0432') in 0.039156 seconds
  Import took 0.043691 seconds .

========================================================================
Received Prepare
Registering precompiled user dll's ...
Registered in 0.000870 seconds.
Begin MonoManager ReloadAssembly
Native extension for WindowsStandalone target not found
Refreshing native plugins compatible for Editor in 0.53 ms, found 1 plugins.
Preloading 0 native plugins for Editor in 0.00 ms.
Invoked RoslynAnalysisRunner static constructor.
RoslynAnalysisRunner will not be running.
RoslynAnalysisRunner has terminated.
Mono: successfully reloaded assembly
- Completed reload, in  1.265 seconds
Platform modules already initialized, skipping
Switching build target platform(5) subTarget(0) extendedPlatform(0) -> platform(13) subTarget(537395200) extendedPlatform(0)
Refreshing native plugins compatible for Editor in 0.42 ms, found 1 plugins.
Preloading 0 native plugins for Editor in 0.00 ms.
Unloading 1793 Unused Serialized files (Serialized files now loaded: 0)
System memory in use before: 88.1 MB.
System memory in use after: 88.1 MB.

Unloading 12 unused Assets to reduce memory usage. Loaded Objects now: 2304.
Total: 2.642500 ms (FindLiveObjects: 0.256000 ms CreateObjectMapping: 0.056300 ms MarkObjects: 2.165100 ms  DeleteObjects: 0.163900 ms)

AssetImportParameters requested are different than current active one (requested -> active):
  custom:graphics/normal-map-encoding: 01000000000000000000000000000000 -> 02000000000000000000000000000000
========================================================================
Received Import Request.
  Time since last request: 538.462754 seconds.
  path: Assets/Scenes/Main.unity
  artifactKey: Guid(2cda990e2423bbf4892e6590ba056729) Importer(815301076,1909f56bfc062723c751e8b465ee728b)
Start importing Assets/Scenes/Main.unity using Guid(2cda990e2423bbf4892e6590ba056729) Importer(815301076,1909f56bfc062723c751e8b465ee728b)  -> (artifact id: '083aa5fe2f95923485bb683219f065ce') in 0.025173 seconds
  Import took 0.031024 seconds .

========================================================================
Received Import Request.
  Time since last request: 115.691050 seconds.
  path: Assets/Scenes/melody.unity
  artifactKey: Guid(d3f23738df1f2f74b889592efdd140a5) Importer(815301076,1909f56bfc062723c751e8b465ee728b)
Start importing Assets/Scenes/melody.unity using Guid(d3f23738df1f2f74b889592efdd140a5) Importer(815301076,1909f56bfc062723c751e8b465ee728b)  -> (artifact id: 'ee0b139193c38e0a25d7b60c61865b20') in 0.031319 seconds
  Import took 0.038300 seconds .

========================================================================
Received Import Request.
  Time since last request: 5.747050 seconds.
  path: Assets/Scenes/Main.unity
  artifactKey: Guid(2cda990e2423bbf4892e6590ba056729) Importer(815301076,1909f56bfc062723c751e8b465ee728b)
Start importing Assets/Scenes/Main.unity using Guid(2cda990e2423bbf4892e6590ba056729) Importer(815301076,1909f56bfc062723c751e8b465ee728b)  -> (artifact id: 'be437452521aaf85b91aaa73fcf16b69') in 0.008580 seconds
  Import took 0.013011 seconds .

========================================================================
Received Import Request.
  Time since last request: 4.048878 seconds.
  path: Assets/Scenes/Game.unity
  artifactKey: Guid(018505da09a050c44b29f889a56c20df) Importer(815301076,1909f56bfc062723c751e8b465ee728b)
Start importing Assets/Scenes/Game.unity using Guid(018505da09a050c44b29f889a56c20df) Importer(815301076,1909f56bfc062723c751e8b465ee728b)  -> (artifact id: 'd589f5378032d0d076e8f299e78e1b49') in 0.024945 seconds
  Import took 0.030564 seconds .

========================================================================
Received Import Request.
  Time since last request: 426.801966 seconds.
  path: Assets/script/closePanel.cs
  artifactKey: Guid(f3933b16347cbfb4da1fb2ca4fedc58e) Importer(815301076,1909f56bfc062723c751e8b465ee728b)
Start importing Assets/script/closePanel.cs using Guid(f3933b16347cbfb4da1fb2ca4fedc58e) Importer(815301076,1909f56bfc062723c751e8b465ee728b)  -> (artifact id: '8328d541b10cf2deed1ccec250be0d37') in 0.017154 seconds
  Import took 0.022255 seconds .

========================================================================
Received Prepare
Registering precompiled user dll's ...
Registered in 0.000946 seconds.
Begin MonoManager ReloadAssembly
Native extension for WindowsStandalone target not found
Refreshing native plugins compatible for Editor in 0.43 ms, found 1 plugins.
Preloading 0 native plugins for Editor in 0.00 ms.
Invoked RoslynAnalysisRunner static constructor.
RoslynAnalysisRunner will not be running.
RoslynAnalysisRunner has terminated.
Mono: successfully reloaded assembly
- Completed reload, in  1.422 seconds
Platform modules already initialized, skipping
Switching build target platform(5) subTarget(0) extendedPlatform(0) -> platform(13) subTarget(537395200) extendedPlatform(0)
Refreshing native plugins compatible for Editor in 0.43 ms, found 1 plugins.
Preloading 0 native plugins for Editor in 0.00 ms.
Unloading 1794 Unused Serialized files (Serialized files now loaded: 0)
System memory in use before: 88.2 MB.
System memory in use after: 88.1 MB.

Unloading 12 unused Assets to reduce memory usage. Loaded Objects now: 2308.
Total: 2.832600 ms (FindLiveObjects: 0.362800 ms CreateObjectMapping: 0.070300 ms MarkObjects: 2.234300 ms  DeleteObjects: 0.163900 ms)

AssetImportParameters requested are different than current active one (requested -> active):
  custom:graphics/normal-map-encoding: 01000000000000000000000000000000 -> 02000000000000000000000000000000
========================================================================
Received Import Request.
  Time since last request: 6.404971 seconds.
  path: Assets/script/NewBehaviourScript.cs
  artifactKey: Guid(81c2919c1b8baad429107ac074dc4ba6) Importer(815301076,1909f56bfc062723c751e8b465ee728b)
Start importing Assets/script/NewBehaviourScript.cs using Guid(81c2919c1b8baad429107ac074dc4ba6) Importer(815301076,1909f56bfc062723c751e8b465ee728b)  -> (artifact id: '216e3e6ff4d3343a29716db95fd521ca') in 0.012645 seconds
  Import took 0.016724 seconds .

========================================================================
Received Import Request.
  Time since last request: 291.460890 seconds.
  path: Assets/script/closePanel.cs
  artifactKey: Guid(f3933b16347cbfb4da1fb2ca4fedc58e) Importer(815301076,1909f56bfc062723c751e8b465ee728b)
Start importing Assets/script/closePanel.cs using Guid(f3933b16347cbfb4da1fb2ca4fedc58e) Importer(815301076,1909f56bfc062723c751e8b465ee728b)  -> (artifact id: '57fe1361933e623f6d066da38e99000d') in 0.009583 seconds
  Import took 0.020313 seconds .

========================================================================
Received Import Request.
  Time since last request: 117.968032 seconds.
  path: Assets/script/closePanel.cs
  artifactKey: Guid(f3933b16347cbfb4da1fb2ca4fedc58e) Importer(815301076,1909f56bfc062723c751e8b465ee728b)
Start importing Assets/script/closePanel.cs using Guid(f3933b16347cbfb4da1fb2ca4fedc58e) Importer(815301076,1909f56bfc062723c751e8b465ee728b)  -> (artifact id: '5ce2ec8a62924729f9eb5f66139c3dae') in 0.008743 seconds
  Import took 0.012243 seconds .

========================================================================
Received Import Request.
  Time since last request: 135.103318 seconds.
  path: Assets/Scenes/finale.unity
  artifactKey: Guid(10dfd1e4c285af449b15307a8ac3271a) Importer(815301076,1909f56bfc062723c751e8b465ee728b)
Start importing Assets/Scenes/finale.unity using Guid(10dfd1e4c285af449b15307a8ac3271a) Importer(815301076,1909f56bfc062723c751e8b465ee728b)  -> (artifact id: '00c6edf62d66c33dc237439b52a4f15e') in 0.034733 seconds
  Import took 0.039636 seconds .

AssetImportWorkerClient::OnTransportError - code=2 error=End of file
